  [1m[35m (21.7ms)[0m  [1m[35mSET NAMES utf8,  @@SESSION.sql_mode = CONCAT(CONCAT(@@sql_mode, ',STRICT_ALL_TABLES'), ',NO_AUTO_VALUE_ON_ZERO'),  @@SESSION.sql_auto_is_null = 0, @@SESSION.wait_timeout = 2147483[0m
  ↳ /usr/lib/ruby/vendor_ruby/rake/task.rb:240
  [1m[35m (1.7ms)[0m  [1m[35mCREATE DATABASE `biddy-backend_development` DEFAULT CHARACTER SET `utf8`[0m
  ↳ /usr/lib/ruby/vendor_ruby/rake/task.rb:240
  [1m[35m (0.4ms)[0m  [1m[35mSET NAMES utf8,  @@SESSION.sql_mode = CONCAT(CONCAT(@@sql_mode, ',STRICT_ALL_TABLES'), ',NO_AUTO_VALUE_ON_ZERO'),  @@SESSION.sql_auto_is_null = 0, @@SESSION.wait_timeout = 2147483[0m
  ↳ /usr/lib/ruby/vendor_ruby/rake/task.rb:240
  [1m[35m (0.5ms)[0m  [1m[35mCREATE DATABASE `biddy-backend_test` DEFAULT CHARACTER SET `utf8`[0m
  ↳ /usr/lib/ruby/vendor_ruby/rake/task.rb:240
  [1m[35m (0.6ms)[0m  [1m[35mSET NAMES utf8,  @@SESSION.sql_mode = CONCAT(CONCAT(@@sql_mode, ',STRICT_ALL_TABLES'), ',NO_AUTO_VALUE_ON_ZERO'),  @@SESSION.sql_auto_is_null = 0, @@SESSION.wait_timeout = 2147483[0m
  ↳ /usr/lib/ruby/vendor_ruby/rake/task.rb:240
  [1m[35m (68.5ms)[0m  [1m[35mCREATE TABLE `schema_migrations` (`version` varchar(255) NOT NULL PRIMARY KEY)[0m
  ↳ /usr/lib/ruby/vendor_ruby/rake/task.rb:240
  [1m[35m (56.3ms)[0m  [1m[35mCREATE TABLE `ar_internal_metadata` (`key` varchar(255) NOT NULL PRIMARY KEY, `value` varchar(255), `created_at` datetime NOT NULL, `updated_at` datetime NOT NULL)[0m
  ↳ /usr/lib/ruby/vendor_ruby/rake/task.rb:240
  [1m[35m (0.3ms)[0m  [1m[34mSELECT GET_LOCK('5221015387163053695', 0)[0m
  ↳ /usr/lib/ruby/vendor_ruby/rake/task.rb:240
  [1m[35m (0.4ms)[0m  [1m[34mSELECT `schema_migrations`.`version` FROM `schema_migrations` ORDER BY `schema_migrations`.`version` ASC[0m
  ↳ /usr/lib/ruby/vendor_ruby/rake/task.rb:240
Migrating to CreateCompanyAssets (20180703075307)
  [1m[35m (57.5ms)[0m  [1m[35mCREATE TABLE `company_assets` (`id` bigint NOT NULL AUTO_INCREMENT PRIMARY KEY, `name` varchar(255), `count` int, `created_at` datetime NOT NULL, `updated_at` datetime NOT NULL)[0m
  ↳ db/migrate/20180703075307_create_company_assets.rb:3
  [1m[35m (0.2ms)[0m  [1m[35mBEGIN[0m
  ↳ /usr/lib/ruby/vendor_ruby/rake/task.rb:240
  [1m[36mActiveRecord::SchemaMigration Create (3.5ms)[0m  [1m[32mINSERT INTO `schema_migrations` (`version`) VALUES ('20180703075307')[0m
  ↳ /usr/lib/ruby/vendor_ruby/rake/task.rb:240
  [1m[35m (2.4ms)[0m  [1m[35mCOMMIT[0m
  ↳ /usr/lib/ruby/vendor_ruby/rake/task.rb:240
Migrating to CreateActiveStorageTables (20180703101617)
  [1m[35m (72.2ms)[0m  [1m[35mCREATE TABLE `active_storage_blobs` (`id` bigint NOT NULL AUTO_INCREMENT PRIMARY KEY, `key` varchar(255) NOT NULL, `filename` varchar(255) NOT NULL, `content_type` varchar(255), `metadata` text, `byte_size` bigint NOT NULL, `checksum` varchar(255) NOT NULL, `created_at` datetime NOT NULL, UNIQUE INDEX `index_active_storage_blobs_on_key`  (`key`))[0m
  ↳ db/migrate/20180703101617_create_active_storage_tables.active_storage.rb:4
  [1m[35m (71.2ms)[0m  [1m[35mCREATE TABLE `active_storage_attachments` (`id` bigint NOT NULL AUTO_INCREMENT PRIMARY KEY, `name` varchar(255) NOT NULL, `record_type` varchar(255) NOT NULL, `record_id` bigint NOT NULL, `blob_id` bigint NOT NULL, `created_at` datetime NOT NULL,  INDEX `index_active_storage_attachments_on_blob_id`  (`blob_id`), UNIQUE INDEX `index_active_storage_attachments_uniqueness`  (`record_type`, `record_id`, `name`, `blob_id`))[0m
  ↳ db/migrate/20180703101617_create_active_storage_tables.active_storage.rb:16
  [1m[35m (0.4ms)[0m  [1m[35mBEGIN[0m
  ↳ /usr/lib/ruby/vendor_ruby/rake/task.rb:240
  [1m[36mActiveRecord::SchemaMigration Create (0.5ms)[0m  [1m[32mINSERT INTO `schema_migrations` (`version`) VALUES ('20180703101617')[0m
  ↳ /usr/lib/ruby/vendor_ruby/rake/task.rb:240
  [1m[35m (12.6ms)[0m  [1m[35mCOMMIT[0m
  ↳ /usr/lib/ruby/vendor_ruby/rake/task.rb:240
Migrating to CreateUsers (20180703112947)
  [1m[35m (62.0ms)[0m  [1m[35mCREATE TABLE `users` (`id` bigint NOT NULL AUTO_INCREMENT PRIMARY KEY, `name` varchar(255), `user_type` varchar(255), `created_at` datetime NOT NULL, `updated_at` datetime NOT NULL)[0m
  ↳ db/migrate/20180703112947_create_users.rb:3
  [1m[35m (0.3ms)[0m  [1m[35mBEGIN[0m
  ↳ /usr/lib/ruby/vendor_ruby/rake/task.rb:240
  [1m[36mActiveRecord::SchemaMigration Create (0.4ms)[0m  [1m[32mINSERT INTO `schema_migrations` (`version`) VALUES ('20180703112947')[0m
  ↳ /usr/lib/ruby/vendor_ruby/rake/task.rb:240
  [1m[35m (5.2ms)[0m  [1m[35mCOMMIT[0m
  ↳ /usr/lib/ruby/vendor_ruby/rake/task.rb:240
Migrating to CreateUserAssets (20180703113841)
  [1m[35m (59.9ms)[0m  [1m[35mCREATE TABLE `user_assets` (`id` bigint NOT NULL AUTO_INCREMENT PRIMARY KEY, `asset_name` varchar(255), `count` int, `status` varchar(255), `returned` varchar(255), `user_id` bigint, `created_at` datetime NOT NULL, `updated_at` datetime NOT NULL,  INDEX `index_user_assets_on_user_id`  (`user_id`), CONSTRAINT `fk_rails_42c52aae50`
FOREIGN KEY (`user_id`)
  REFERENCES `users` (`id`)
)[0m
  ↳ db/migrate/20180703113841_create_user_assets.rb:3
  [1m[35m (4.7ms)[0m  [1m[35mBEGIN[0m
  ↳ /usr/lib/ruby/vendor_ruby/rake/task.rb:240
  [1m[36mActiveRecord::SchemaMigration Create (0.5ms)[0m  [1m[32mINSERT INTO `schema_migrations` (`version`) VALUES ('20180703113841')[0m
  ↳ /usr/lib/ruby/vendor_ruby/rake/task.rb:240
  [1m[35m (2.4ms)[0m  [1m[35mCOMMIT[0m
  ↳ /usr/lib/ruby/vendor_ruby/rake/task.rb:240
Migrating to ChangeReturnedToBooleanInUserAssets (20180703124652)
  [1m[35m (150.1ms)[0m  [1m[35mALTER TABLE `user_assets` CHANGE `returned` `returned` tinyint(1) DEFAULT FALSE[0m
  ↳ db/migrate/20180703124652_change_returned_to_boolean_in_user_assets.rb:3
  [1m[35m (0.3ms)[0m  [1m[35mBEGIN[0m
  ↳ /usr/lib/ruby/vendor_ruby/rake/task.rb:240
  [1m[36mActiveRecord::SchemaMigration Create (0.4ms)[0m  [1m[32mINSERT INTO `schema_migrations` (`version`) VALUES ('20180703124652')[0m
  ↳ /usr/lib/ruby/vendor_ruby/rake/task.rb:240
  [1m[35m (6.0ms)[0m  [1m[35mCOMMIT[0m
  ↳ /usr/lib/ruby/vendor_ruby/rake/task.rb:240
Migrating to AddDeviseToUsers (20180704062037)
  [1m[35m (99.2ms)[0m  [1m[35mALTER TABLE `users` ADD `email` varchar(255) DEFAULT '' NOT NULL[0m
  ↳ db/migrate/20180704062037_add_devise_to_users.rb:7
  [1m[35m (132.9ms)[0m  [1m[35mALTER TABLE `users` ADD `encrypted_password` varchar(255) DEFAULT '' NOT NULL[0m
  ↳ db/migrate/20180704062037_add_devise_to_users.rb:8
  [1m[35m (100.6ms)[0m  [1m[35mALTER TABLE `users` ADD `reset_password_token` varchar(255)[0m
  ↳ db/migrate/20180704062037_add_devise_to_users.rb:11
  [1m[35m (99.9ms)[0m  [1m[35mALTER TABLE `users` ADD `reset_password_sent_at` datetime[0m
  ↳ db/migrate/20180704062037_add_devise_to_users.rb:12
  [1m[35m (108.9ms)[0m  [1m[35mALTER TABLE `users` ADD `remember_created_at` datetime[0m
  ↳ db/migrate/20180704062037_add_devise_to_users.rb:15
  [1m[35m (100.4ms)[0m  [1m[35mALTER TABLE `users` ADD `sign_in_count` int DEFAULT 0 NOT NULL[0m
  ↳ db/migrate/20180704062037_add_devise_to_users.rb:18
  [1m[35m (100.0ms)[0m  [1m[35mALTER TABLE `users` ADD `current_sign_in_at` datetime[0m
  ↳ db/migrate/20180704062037_add_devise_to_users.rb:19
  [1m[35m (100.3ms)[0m  [1m[35mALTER TABLE `users` ADD `last_sign_in_at` datetime[0m
  ↳ db/migrate/20180704062037_add_devise_to_users.rb:20
  [1m[35m (100.7ms)[0m  [1m[35mALTER TABLE `users` ADD `current_sign_in_ip` varchar(255)[0m
  ↳ db/migrate/20180704062037_add_devise_to_users.rb:21
  [1m[35m (106.9ms)[0m  [1m[35mALTER TABLE `users` ADD `last_sign_in_ip` varchar(255)[0m
  ↳ db/migrate/20180704062037_add_devise_to_users.rb:22
  [1m[35m (46.1ms)[0m  [1m[35mCREATE UNIQUE INDEX `index_users_on_email`  ON `users` (`email`) [0m
  ↳ db/migrate/20180704062037_add_devise_to_users.rb:40
  [1m[35m (48.8ms)[0m  [1m[35mCREATE UNIQUE INDEX `index_users_on_reset_password_token`  ON `users` (`reset_password_token`) [0m
  ↳ db/migrate/20180704062037_add_devise_to_users.rb:41
  [1m[35m (0.2ms)[0m  [1m[35mBEGIN[0m
  ↳ /usr/lib/ruby/vendor_ruby/rake/task.rb:240
  [1m[36mActiveRecord::SchemaMigration Create (0.5ms)[0m  [1m[32mINSERT INTO `schema_migrations` (`version`) VALUES ('20180704062037')[0m
  ↳ /usr/lib/ruby/vendor_ruby/rake/task.rb:240
  [1m[35m (9.0ms)[0m  [1m[35mCOMMIT[0m
  ↳ /usr/lib/ruby/vendor_ruby/rake/task.rb:240
Migrating to AddStatusColumnToUser (20180705063003)
  [1m[35m (118.6ms)[0m  [1m[35mALTER TABLE `users` ADD `status` tinyint(1) DEFAULT TRUE[0m
  ↳ db/migrate/20180705063003_add_status_column_to_user.rb:3
  [1m[35m (0.2ms)[0m  [1m[35mBEGIN[0m
  ↳ /usr/lib/ruby/vendor_ruby/rake/task.rb:240
  [1m[36mActiveRecord::SchemaMigration Create (0.4ms)[0m  [1m[32mINSERT INTO `schema_migrations` (`version`) VALUES ('20180705063003')[0m
  ↳ /usr/lib/ruby/vendor_ruby/rake/task.rb:240
  [1m[35m (5.3ms)[0m  [1m[35mCOMMIT[0m
  ↳ /usr/lib/ruby/vendor_ruby/rake/task.rb:240
Migrating to RenameColumnUserAsset (20180705090020)
  [1m[35m (15.4ms)[0m  [1m[35mALTER TABLE `user_assets` CHANGE `asset_name` `name` varchar(255) DEFAULT NULL[0m
  ↳ db/migrate/20180705090020_rename_column_user_asset.rb:3
  [1m[35m (0.2ms)[0m  [1m[35mBEGIN[0m
  ↳ /usr/lib/ruby/vendor_ruby/rake/task.rb:240
  [1m[36mActiveRecord::SchemaMigration Create (0.4ms)[0m  [1m[32mINSERT INTO `schema_migrations` (`version`) VALUES ('20180705090020')[0m
  ↳ /usr/lib/ruby/vendor_ruby/rake/task.rb:240
  [1m[35m (3.8ms)[0m  [1m[35mCOMMIT[0m
  ↳ /usr/lib/ruby/vendor_ruby/rake/task.rb:240
Migrating to AddDefaultToUserAsset (20180705094913)
  [1m[35m (8.7ms)[0m  [1m[35mALTER TABLE `user_assets` CHANGE `status` `status` varchar(255) DEFAULT '-1'[0m
  ↳ db/migrate/20180705094913_add_default_to_user_asset.rb:3
  [1m[35m (4.8ms)[0m  [1m[35mBEGIN[0m
  ↳ /usr/lib/ruby/vendor_ruby/rake/task.rb:240
  [1m[36mActiveRecord::SchemaMigration Create (0.5ms)[0m  [1m[32mINSERT INTO `schema_migrations` (`version`) VALUES ('20180705094913')[0m
  ↳ /usr/lib/ruby/vendor_ruby/rake/task.rb:240
  [1m[35m (2.8ms)[0m  [1m[35mCOMMIT[0m
  ↳ /usr/lib/ruby/vendor_ruby/rake/task.rb:240
  [1m[36mActiveRecord::InternalMetadata Load (0.6ms)[0m  [1m[34mSELECT  `ar_internal_metadata`.* FROM `ar_internal_metadata` WHERE `ar_internal_metadata`.`key` = 'environment' LIMIT 1[0m
  ↳ /usr/lib/ruby/vendor_ruby/rake/task.rb:240
  [1m[35m (0.3ms)[0m  [1m[35mBEGIN[0m
  ↳ /usr/lib/ruby/vendor_ruby/rake/task.rb:240
  [1m[36mActiveRecord::InternalMetadata Create (0.4ms)[0m  [1m[32mINSERT INTO `ar_internal_metadata` (`key`, `value`, `created_at`, `updated_at`) VALUES ('environment', 'development', '2018-08-07 06:11:22', '2018-08-07 06:11:22')[0m
  ↳ /usr/lib/ruby/vendor_ruby/rake/task.rb:240
  [1m[35m (2.8ms)[0m  [1m[35mCOMMIT[0m
  ↳ /usr/lib/ruby/vendor_ruby/rake/task.rb:240
  [1m[35m (0.4ms)[0m  [1m[34mSELECT RELEASE_LOCK('5221015387163053695')[0m
  ↳ /usr/lib/ruby/vendor_ruby/rake/task.rb:240
  [1m[35m (3.0ms)[0m  [1m[34mSELECT `schema_migrations`.`version` FROM `schema_migrations` ORDER BY `schema_migrations`.`version` ASC[0m
  ↳ /usr/lib/ruby/vendor_ruby/rake/task.rb:240
Started GET "/" for 127.0.0.1 at 2018-08-07 11:41:31 +0530
  [1m[35m (10.4ms)[0m  [1m[35mSET NAMES utf8,  @@SESSION.sql_mode = CONCAT(CONCAT(@@sql_mode, ',STRICT_ALL_TABLES'), ',NO_AUTO_VALUE_ON_ZERO'),  @@SESSION.sql_auto_is_null = 0, @@SESSION.wait_timeout = 2147483[0m
  ↳ /var/lib/gems/2.3.0/gems/activerecord-5.2.0/lib/active_record/log_subscriber.rb:98
  [1m[35m (0.5ms)[0m  [1m[34mSELECT `schema_migrations`.`version` FROM `schema_migrations` ORDER BY `schema_migrations`.`version` ASC[0m
  ↳ /var/lib/gems/2.3.0/gems/activerecord-5.2.0/lib/active_record/log_subscriber.rb:98
Processing by Rails::WelcomeController#index as HTML
  Rendering /var/lib/gems/2.3.0/gems/railties-5.2.0/lib/rails/templates/rails/welcome/index.html.erb
  Rendered /var/lib/gems/2.3.0/gems/railties-5.2.0/lib/rails/templates/rails/welcome/index.html.erb (5.6ms)
Completed 200 OK in 16ms (Views: 12.9ms | ActiveRecord: 0.0ms)


Started GET "/" for 127.0.0.1 at 2018-08-07 11:42:01 +0530
Processing by Rails::WelcomeController#index as HTML
  Rendering /var/lib/gems/2.3.0/gems/railties-5.2.0/lib/rails/templates/rails/welcome/index.html.erb
  Rendered /var/lib/gems/2.3.0/gems/railties-5.2.0/lib/rails/templates/rails/welcome/index.html.erb (3.1ms)
Completed 200 OK in 20ms (Views: 4.7ms | ActiveRecord: 0.0ms)


  [1m[35m (7.5ms)[0m  [1m[35mSET NAMES utf8,  @@SESSION.sql_mode = CONCAT(CONCAT(@@sql_mode, ',STRICT_ALL_TABLES'), ',NO_AUTO_VALUE_ON_ZERO'),  @@SESSION.sql_auto_is_null = 0, @@SESSION.wait_timeout = 2147483[0m
  ↳ /usr/lib/ruby/vendor_ruby/rake/task.rb:240
  [1m[35m (0.5ms)[0m  [1m[34mSELECT `schema_migrations`.`version` FROM `schema_migrations` ORDER BY `schema_migrations`.`version` ASC[0m
  ↳ /usr/lib/ruby/vendor_ruby/rake/task.rb:240
  [1m[35m (0.3ms)[0m  [1m[35mBEGIN[0m
  ↳ db/seeds.rb:3
  [1m[36mUser Exists (1.6ms)[0m  [1m[34mSELECT  1 AS one FROM `users` WHERE `users`.`email` = BINARY 'hr@sample.com' LIMIT 1[0m
  ↳ db/seeds.rb:3
  [1m[36mUser Create (0.6ms)[0m  [1m[32mINSERT INTO `users` (`name`, `user_type`, `created_at`, `updated_at`, `email`, `encrypted_password`) VALUES ('HR', 'HR', '2018-08-07 06:14:09', '2018-08-07 06:14:09', 'hr@sample.com', '$2a$11$sZd/Up9NSasWl/EbIKl8revgeJHhBxdpbssQNHh8Rr1FFV3paXqD.')[0m
  ↳ db/seeds.rb:3
  [1m[35m (3.1ms)[0m  [1m[35mCOMMIT[0m
  ↳ db/seeds.rb:3
  [1m[35m (0.3ms)[0m  [1m[35mBEGIN[0m
  ↳ db/seeds.rb:3
  [1m[36mUser Exists (0.6ms)[0m  [1m[34mSELECT  1 AS one FROM `users` WHERE `users`.`email` = BINARY 'employee@sample.com' LIMIT 1[0m
  ↳ db/seeds.rb:3
  [1m[36mUser Create (0.6ms)[0m  [1m[32mINSERT INTO `users` (`name`, `user_type`, `created_at`, `updated_at`, `email`, `encrypted_password`) VALUES ('Employee', 'EMPLOYEE', '2018-08-07 06:14:09', '2018-08-07 06:14:09', 'employee@sample.com', '$2a$11$PafuhdlH028a15G4EzY3uedE6pGcQqbCnpPKTtkmPQqKmc0Jg4KBy')[0m
  ↳ db/seeds.rb:3
  [1m[35m (8.2ms)[0m  [1m[35mCOMMIT[0m
  ↳ db/seeds.rb:3
  [1m[35m (0.3ms)[0m  [1m[35mBEGIN[0m
  ↳ db/seeds.rb:7
  [1m[36mCompanyAsset Create (0.4ms)[0m  [1m[32mINSERT INTO `company_assets` (`name`, `count`, `created_at`, `updated_at`) VALUES ('Monitor', 10, '2018-08-07 06:14:09', '2018-08-07 06:14:09')[0m
  ↳ db/seeds.rb:7
  [1m[35m (2.7ms)[0m  [1m[35mCOMMIT[0m
  ↳ db/seeds.rb:7
  [1m[35m (0.2ms)[0m  [1m[35mBEGIN[0m
  ↳ db/seeds.rb:7
  [1m[36mCompanyAsset Create (0.5ms)[0m  [1m[32mINSERT INTO `company_assets` (`name`, `count`, `created_at`, `updated_at`) VALUES ('Mouse', 10, '2018-08-07 06:14:09', '2018-08-07 06:14:09')[0m
  ↳ db/seeds.rb:7
  [1m[35m (12.4ms)[0m  [1m[35mCOMMIT[0m
  ↳ db/seeds.rb:7
  [1m[35m (0.2ms)[0m  [1m[35mBEGIN[0m
  ↳ db/seeds.rb:7
  [1m[36mCompanyAsset Create (0.4ms)[0m  [1m[32mINSERT INTO `company_assets` (`name`, `count`, `created_at`, `updated_at`) VALUES ('Laptop', 15, '2018-08-07 06:14:09', '2018-08-07 06:14:09')[0m
  ↳ db/seeds.rb:7
  [1m[35m (13.1ms)[0m  [1m[35mCOMMIT[0m
  ↳ db/seeds.rb:7
  [1m[36mUser Load (0.7ms)[0m  [1m[34mSELECT  `users`.* FROM `users` WHERE `users`.`status` = TRUE AND `users`.`email` = 'employee@sample.com' LIMIT 1[0m
  ↳ db/seeds.rb:10
  [1m[35m (0.2ms)[0m  [1m[35mBEGIN[0m
  ↳ db/seeds.rb:13
  [1m[36mUserAsset Create (0.6ms)[0m  [1m[32mINSERT INTO `user_assets` (`name`, `count`, `status`, `user_id`, `created_at`, `updated_at`) VALUES ('Monitor', 1, '1', 2, '2018-08-07 06:14:09', '2018-08-07 06:14:09')[0m
  ↳ db/seeds.rb:13
  [1m[35m (5.5ms)[0m  [1m[35mCOMMIT[0m
  ↳ db/seeds.rb:13
  [1m[35m (0.2ms)[0m  [1m[35mBEGIN[0m
  ↳ db/seeds.rb:13
  [1m[36mUserAsset Create (0.6ms)[0m  [1m[32mINSERT INTO `user_assets` (`name`, `count`, `status`, `user_id`, `created_at`, `updated_at`) VALUES ('Mouse', 1, '1', 2, '2018-08-07 06:14:09', '2018-08-07 06:14:09')[0m
  ↳ db/seeds.rb:13
  [1m[35m (12.4ms)[0m  [1m[35mCOMMIT[0m
  ↳ db/seeds.rb:13
Started GET "/" for 127.0.0.1 at 2018-08-07 11:47:54 +0530
  
SyntaxError (/home/ajith/Desktop/biddy/AssetHolding/backend/config/routes.rb:14: syntax error, unexpected keyword_end, expecting end-of-input):
  
config/routes.rb:14: syntax error, unexpected keyword_end, expecting end-of-input
Started POST "/" for 127.0.0.1 at 2018-08-07 11:47:59 +0530
  [1m[35m (8.0ms)[0m  [1m[35mSET NAMES utf8,  @@SESSION.sql_mode = CONCAT(CONCAT(@@sql_mode, ',STRICT_ALL_TABLES'), ',NO_AUTO_VALUE_ON_ZERO'),  @@SESSION.sql_auto_is_null = 0, @@SESSION.wait_timeout = 2147483[0m
  ↳ /var/lib/gems/2.3.0/gems/activerecord-5.2.0/lib/active_record/log_subscriber.rb:98
  
ActionController::RoutingError (No route matches [POST] "/"):
  
actionpack (5.2.0) lib/action_dispatch/middleware/debug_exceptions.rb:65:in `call'
web-console (3.6.2) lib/web_console/middleware.rb:135:in `call_app'
web-console (3.6.2) lib/web_console/middleware.rb:30:in `block in call'
web-console (3.6.2) lib/web_console/middleware.rb:20:in `catch'
web-console (3.6.2) lib/web_console/middleware.rb:20:in `call'
actionpack (5.2.0) lib/action_dispatch/middleware/show_exceptions.rb:33:in `call'
railties (5.2.0) lib/rails/rack/logger.rb:38:in `call_app'
railties (5.2.0) lib/rails/rack/logger.rb:26:in `block in call'
activesupport (5.2.0) lib/active_support/tagged_logging.rb:71:in `block in tagged'
activesupport (5.2.0) lib/active_support/tagged_logging.rb:28:in `tagged'
activesupport (5.2.0) lib/active_support/tagged_logging.rb:71:in `tagged'
railties (5.2.0) lib/rails/rack/logger.rb:26:in `call'
sprockets-rails (3.2.1) lib/sprockets/rails/quiet_assets.rb:13:in `call'
actionpack (5.2.0) lib/action_dispatch/middleware/remote_ip.rb:81:in `call'
actionpack (5.2.0) lib/action_dispatch/middleware/request_id.rb:27:in `call'
rack (2.0.5) lib/rack/runtime.rb:22:in `call'
activesupport (5.2.0) lib/active_support/cache/strategy/local_cache_middleware.rb:29:in `call'
actionpack (5.2.0) lib/action_dispatch/middleware/executor.rb:14:in `call'
actionpack (5.2.0) lib/action_dispatch/middleware/static.rb:127:in `call'
rack (2.0.5) lib/rack/sendfile.rb:111:in `call'
rack-cors (1.0.2) lib/rack/cors.rb:97:in `call'
railties (5.2.0) lib/rails/engine.rb:524:in `call'
puma (3.11.4) lib/puma/configuration.rb:225:in `call'
puma (3.11.4) lib/puma/server.rb:632:in `handle_request'
puma (3.11.4) lib/puma/server.rb:446:in `process_client'
puma (3.11.4) lib/puma/server.rb:306:in `block in run'
puma (3.11.4) lib/puma/thread_pool.rb:120:in `block in spawn_thread'
Started POST "/auth/user" for 127.0.0.1 at 2018-08-07 11:49:14 +0530
  
ActionController::RoutingError (No route matches [POST] "/auth/user"):
  
actionpack (5.2.0) lib/action_dispatch/middleware/debug_exceptions.rb:65:in `call'
web-console (3.6.2) lib/web_console/middleware.rb:135:in `call_app'
web-console (3.6.2) lib/web_console/middleware.rb:30:in `block in call'
web-console (3.6.2) lib/web_console/middleware.rb:20:in `catch'
web-console (3.6.2) lib/web_console/middleware.rb:20:in `call'
actionpack (5.2.0) lib/action_dispatch/middleware/show_exceptions.rb:33:in `call'
railties (5.2.0) lib/rails/rack/logger.rb:38:in `call_app'
railties (5.2.0) lib/rails/rack/logger.rb:26:in `block in call'
activesupport (5.2.0) lib/active_support/tagged_logging.rb:71:in `block in tagged'
activesupport (5.2.0) lib/active_support/tagged_logging.rb:28:in `tagged'
activesupport (5.2.0) lib/active_support/tagged_logging.rb:71:in `tagged'
railties (5.2.0) lib/rails/rack/logger.rb:26:in `call'
sprockets-rails (3.2.1) lib/sprockets/rails/quiet_assets.rb:13:in `call'
actionpack (5.2.0) lib/action_dispatch/middleware/remote_ip.rb:81:in `call'
actionpack (5.2.0) lib/action_dispatch/middleware/request_id.rb:27:in `call'
rack (2.0.5) lib/rack/runtime.rb:22:in `call'
activesupport (5.2.0) lib/active_support/cache/strategy/local_cache_middleware.rb:29:in `call'
actionpack (5.2.0) lib/action_dispatch/middleware/executor.rb:14:in `call'
actionpack (5.2.0) lib/action_dispatch/middleware/static.rb:127:in `call'
rack (2.0.5) lib/rack/sendfile.rb:111:in `call'
rack-cors (1.0.2) lib/rack/cors.rb:97:in `call'
railties (5.2.0) lib/rails/engine.rb:524:in `call'
puma (3.11.4) lib/puma/configuration.rb:225:in `call'
puma (3.11.4) lib/puma/server.rb:632:in `handle_request'
puma (3.11.4) lib/puma/server.rb:446:in `process_client'
puma (3.11.4) lib/puma/server.rb:306:in `block in run'
puma (3.11.4) lib/puma/thread_pool.rb:120:in `block in spawn_thread'
Started POST "/auth_user" for 127.0.0.1 at 2018-08-07 11:50:07 +0530
  [1m[35m (7.9ms)[0m  [1m[35mSET NAMES utf8,  @@SESSION.sql_mode = CONCAT(CONCAT(@@sql_mode, ',STRICT_ALL_TABLES'), ',NO_AUTO_VALUE_ON_ZERO'),  @@SESSION.sql_auto_is_null = 0, @@SESSION.wait_timeout = 2147483[0m
  ↳ /var/lib/gems/2.3.0/gems/activerecord-5.2.0/lib/active_record/log_subscriber.rb:98
  [1m[35m (0.5ms)[0m  [1m[34mSELECT `schema_migrations`.`version` FROM `schema_migrations` ORDER BY `schema_migrations`.`version` ASC[0m
  ↳ /var/lib/gems/2.3.0/gems/activerecord-5.2.0/lib/active_record/log_subscriber.rb:98
Processing by AuthenticationController#authenticate_user as */*
  Parameters: {"{\n\t\t\"email\":\"a@a.com\",\n\t\t\"password\":\"password\"\n}"=>"[FILTERED]"}
  [1m[36mUser Load (0.6ms)[0m  [1m[34mSELECT  `users`.* FROM `users` WHERE `users`.`status` = TRUE AND `users`.`email` = '' ORDER BY `users`.`id` ASC LIMIT 1[0m
  ↳ app/controllers/authentication_controller.rb:9
Completed 401 Unauthorized in 15ms (Views: 0.5ms | ActiveRecord: 6.4ms)


Started POST "/auth_user" for 127.0.0.1 at 2018-08-07 11:50:31 +0530
Processing by AuthenticationController#authenticate_user as */*
  Parameters: {"{\n\t\t\"email\":\"hr@sample.com\",\n\t\t\"password\":\"demo1234\"\n}"=>"[FILTERED]"}
  [1m[36mUser Load (0.6ms)[0m  [1m[34mSELECT  `users`.* FROM `users` WHERE `users`.`status` = TRUE AND `users`.`email` = '' ORDER BY `users`.`id` ASC LIMIT 1[0m
  ↳ app/controllers/authentication_controller.rb:9
Completed 401 Unauthorized in 4ms (Views: 0.4ms | ActiveRecord: 0.6ms)


Started POST "/auth_user" for 127.0.0.1 at 2018-08-07 11:50:35 +0530
Processing by AuthenticationController#authenticate_user as */*
  Parameters: {"{\n\t\t\"email\":\"hr@sample.com\",\n\t\t\"password\":\"demo1234\"\n}"=>"[FILTERED]"}
  [1m[36mUser Load (3.8ms)[0m  [1m[34mSELECT  `users`.* FROM `users` WHERE `users`.`status` = TRUE AND `users`.`email` = '' ORDER BY `users`.`id` ASC LIMIT 1[0m
  ↳ app/controllers/authentication_controller.rb:9
Completed 401 Unauthorized in 14ms (Views: 0.4ms | ActiveRecord: 3.8ms)


Started POST "/auth_user" for 127.0.0.1 at 2018-08-07 11:51:05 +0530
Processing by AuthenticationController#authenticate_user as */*
  Parameters: {"{\n\t\t\"email\":\"employee@sample.com\",\n\t\t\"password\":\"demo1234\"\n}"=>"[FILTERED]"}
  [1m[36mUser Load (0.8ms)[0m  [1m[34mSELECT  `users`.* FROM `users` WHERE `users`.`status` = TRUE AND `users`.`email` = '' ORDER BY `users`.`id` ASC LIMIT 1[0m
  ↳ app/controllers/authentication_controller.rb:9
Completed 401 Unauthorized in 4ms (Views: 0.4ms | ActiveRecord: 0.8ms)


Started POST "/auth_user" for 127.0.0.1 at 2018-08-07 11:51:09 +0530
Processing by AuthenticationController#authenticate_user as */*
  Parameters: {"email"=>"employee@sample.com", "password"=>"[FILTERED]", "authentication"=>{"email"=>"employee@sample.com", "password"=>"[FILTERED]"}}
  [1m[36mUser Load (0.7ms)[0m  [1m[34mSELECT  `users`.* FROM `users` WHERE `users`.`status` = TRUE AND `users`.`email` = 'employee@sample.com' ORDER BY `users`.`id` ASC LIMIT 1[0m
  ↳ app/controllers/authentication_controller.rb:9
Completed 200 OK in 190ms (Views: 0.3ms | ActiveRecord: 0.7ms)


Started POST "/auth_user" for 127.0.0.1 at 2018-08-07 11:51:15 +0530
Processing by AuthenticationController#authenticate_user as */*
  Parameters: {"email"=>"hr@sample.com", "password"=>"[FILTERED]", "authentication"=>{"email"=>"hr@sample.com", "password"=>"[FILTERED]"}}
  [1m[36mUser Load (0.8ms)[0m  [1m[34mSELECT  `users`.* FROM `users` WHERE `users`.`status` = TRUE AND `users`.`email` = 'hr@sample.com' ORDER BY `users`.`id` ASC LIMIT 1[0m
  ↳ app/controllers/authentication_controller.rb:9
Completed 200 OK in 148ms (Views: 0.2ms | ActiveRecord: 0.8ms)


Started POST "/auth_user" for 127.0.0.1 at 2018-08-07 11:51:20 +0530
Processing by AuthenticationController#authenticate_user as */*
  Parameters: {"email"=>"hr@sample.com", "password"=>"[FILTERED]", "authentication"=>{"email"=>"hr@sample.com", "password"=>"[FILTERED]"}}
  [1m[36mUser Load (0.9ms)[0m  [1m[34mSELECT  `users`.* FROM `users` WHERE `users`.`status` = TRUE AND `users`.`email` = 'hr@sample.com' ORDER BY `users`.`id` ASC LIMIT 1[0m
  ↳ app/controllers/authentication_controller.rb:9
Completed 401 Unauthorized in 147ms (Views: 0.3ms | ActiveRecord: 0.9ms)


Started POST "/auth_user" for 127.0.0.1 at 2018-08-07 11:51:24 +0530
Processing by AuthenticationController#authenticate_user as */*
  Parameters: {"email"=>"hr@sample.com", "password"=>"[FILTERED]", "authentication"=>{"email"=>"hr@sample.com", "password"=>"[FILTERED]"}}
  [1m[36mUser Load (0.7ms)[0m  [1m[34mSELECT  `users`.* FROM `users` WHERE `users`.`status` = TRUE AND `users`.`email` = 'hr@sample.com' ORDER BY `users`.`id` ASC LIMIT 1[0m
  ↳ app/controllers/authentication_controller.rb:9
Completed 200 OK in 154ms (Views: 0.3ms | ActiveRecord: 0.7ms)


  [1m[35m (39.8ms)[0m  [1m[35mSET NAMES utf8,  @@SESSION.sql_mode = CONCAT(CONCAT(@@sql_mode, ',STRICT_ALL_TABLES'), ',NO_AUTO_VALUE_ON_ZERO'),  @@SESSION.sql_auto_is_null = 0, @@SESSION.wait_timeout = 2147483[0m
  ↳ /home/sara1n/.rvm/gems/ruby-2.5.1/bin/rake:23
  [1m[35m (6.8ms)[0m  [1m[35mCREATE DATABASE `biddy-backend_development` DEFAULT CHARACTER SET `utf8`[0m
  ↳ /home/sara1n/.rvm/gems/ruby-2.5.1/bin/rake:23
  [1m[35m (3.5ms)[0m  [1m[35mSET NAMES utf8,  @@SESSION.sql_mode = CONCAT(CONCAT(@@sql_mode, ',STRICT_ALL_TABLES'), ',NO_AUTO_VALUE_ON_ZERO'),  @@SESSION.sql_auto_is_null = 0, @@SESSION.wait_timeout = 2147483[0m
  ↳ /home/sara1n/.rvm/gems/ruby-2.5.1/bin/rake:23
  [1m[35m (3.6ms)[0m  [1m[35mCREATE DATABASE `biddy-backend_test` DEFAULT CHARACTER SET `utf8`[0m
  ↳ /home/sara1n/.rvm/gems/ruby-2.5.1/bin/rake:23
  [1m[35m (2.5ms)[0m  [1m[35mSET NAMES utf8,  @@SESSION.sql_mode = CONCAT(CONCAT(@@sql_mode, ',STRICT_ALL_TABLES'), ',NO_AUTO_VALUE_ON_ZERO'),  @@SESSION.sql_auto_is_null = 0, @@SESSION.wait_timeout = 2147483[0m
  ↳ /home/sara1n/.rvm/gems/ruby-2.5.1/bin/rake:23
  [1m[35m (153.1ms)[0m  [1m[35mCREATE TABLE `schema_migrations` (`version` varchar(255) NOT NULL PRIMARY KEY)[0m
  ↳ /home/sara1n/.rvm/gems/ruby-2.5.1/bin/rake:23
  [1m[35m (66.2ms)[0m  [1m[35mCREATE TABLE `ar_internal_metadata` (`key` varchar(255) NOT NULL PRIMARY KEY, `value` varchar(255), `created_at` datetime NOT NULL, `updated_at` datetime NOT NULL)[0m
  ↳ /home/sara1n/.rvm/gems/ruby-2.5.1/bin/rake:23
  [1m[35m (1.7ms)[0m  [1m[34mSELECT GET_LOCK('5221015387163053695', 0)[0m
  ↳ /home/sara1n/.rvm/gems/ruby-2.5.1/bin/rake:23
  [1m[35m (0.5ms)[0m  [1m[34mSELECT `schema_migrations`.`version` FROM `schema_migrations` ORDER BY `schema_migrations`.`version` ASC[0m
  ↳ /home/sara1n/.rvm/gems/ruby-2.5.1/bin/rake:23
Migrating to CreateCompanyAssets (20180703075307)
  [1m[35m (64.2ms)[0m  [1m[35mCREATE TABLE `company_assets` (`id` bigint NOT NULL AUTO_INCREMENT PRIMARY KEY, `name` varchar(255), `count` int, `created_at` datetime NOT NULL, `updated_at` datetime NOT NULL)[0m
  ↳ db/migrate/20180703075307_create_company_assets.rb:3
  [1m[35m (0.8ms)[0m  [1m[35mBEGIN[0m
  ↳ /home/sara1n/.rvm/gems/ruby-2.5.1/bin/rake:23
  [1m[36mActiveRecord::SchemaMigration Create (3.8ms)[0m  [1m[32mINSERT INTO `schema_migrations` (`version`) VALUES ('20180703075307')[0m
  ↳ /home/sara1n/.rvm/gems/ruby-2.5.1/bin/rake:23
  [1m[35m (7.7ms)[0m  [1m[35mCOMMIT[0m
  ↳ /home/sara1n/.rvm/gems/ruby-2.5.1/bin/rake:23
Migrating to CreateActiveStorageTables (20180703101617)
  [1m[35m (147.9ms)[0m  [1m[35mCREATE TABLE `active_storage_blobs` (`id` bigint NOT NULL AUTO_INCREMENT PRIMARY KEY, `key` varchar(255) NOT NULL, `filename` varchar(255) NOT NULL, `content_type` varchar(255), `metadata` text, `byte_size` bigint NOT NULL, `checksum` varchar(255) NOT NULL, `created_at` datetime NOT NULL, UNIQUE INDEX `index_active_storage_blobs_on_key`  (`key`))[0m
  ↳ db/migrate/20180703101617_create_active_storage_tables.active_storage.rb:4
  [1m[35m (133.1ms)[0m  [1m[35mCREATE TABLE `active_storage_attachments` (`id` bigint NOT NULL AUTO_INCREMENT PRIMARY KEY, `name` varchar(255) NOT NULL, `record_type` varchar(255) NOT NULL, `record_id` bigint NOT NULL, `blob_id` bigint NOT NULL, `created_at` datetime NOT NULL,  INDEX `index_active_storage_attachments_on_blob_id`  (`blob_id`), UNIQUE INDEX `index_active_storage_attachments_uniqueness`  (`record_type`, `record_id`, `name`, `blob_id`))[0m
  ↳ db/migrate/20180703101617_create_active_storage_tables.active_storage.rb:16
  [1m[35m (0.3ms)[0m  [1m[35mBEGIN[0m
  ↳ /home/sara1n/.rvm/gems/ruby-2.5.1/bin/rake:23
  [1m[36mActiveRecord::SchemaMigration Create (0.8ms)[0m  [1m[32mINSERT INTO `schema_migrations` (`version`) VALUES ('20180703101617')[0m
  ↳ /home/sara1n/.rvm/gems/ruby-2.5.1/bin/rake:23
  [1m[35m (8.5ms)[0m  [1m[35mCOMMIT[0m
  ↳ /home/sara1n/.rvm/gems/ruby-2.5.1/bin/rake:23
Migrating to CreateUsers (20180703112947)
  [1m[35m (186.9ms)[0m  [1m[35mCREATE TABLE `users` (`id` bigint NOT NULL AUTO_INCREMENT PRIMARY KEY, `name` varchar(255), `user_type` varchar(255), `created_at` datetime NOT NULL, `updated_at` datetime NOT NULL)[0m
  ↳ db/migrate/20180703112947_create_users.rb:3
  [1m[35m (0.2ms)[0m  [1m[35mBEGIN[0m
  ↳ /home/sara1n/.rvm/gems/ruby-2.5.1/bin/rake:23
  [1m[36mActiveRecord::SchemaMigration Create (1.5ms)[0m  [1m[32mINSERT INTO `schema_migrations` (`version`) VALUES ('20180703112947')[0m
  ↳ /home/sara1n/.rvm/gems/ruby-2.5.1/bin/rake:23
  [1m[35m (2.2ms)[0m  [1m[35mCOMMIT[0m
  ↳ /home/sara1n/.rvm/gems/ruby-2.5.1/bin/rake:23
Migrating to CreateUserAssets (20180703113841)
  [1m[35m (71.1ms)[0m  [1m[35mCREATE TABLE `user_assets` (`id` bigint NOT NULL AUTO_INCREMENT PRIMARY KEY, `asset_name` varchar(255), `count` int, `status` varchar(255), `returned` varchar(255), `user_id` bigint, `created_at` datetime NOT NULL, `updated_at` datetime NOT NULL,  INDEX `index_user_assets_on_user_id`  (`user_id`), CONSTRAINT `fk_rails_42c52aae50`
FOREIGN KEY (`user_id`)
  REFERENCES `users` (`id`)
)[0m
  ↳ db/migrate/20180703113841_create_user_assets.rb:3
  [1m[35m (0.2ms)[0m  [1m[35mBEGIN[0m
  ↳ /home/sara1n/.rvm/gems/ruby-2.5.1/bin/rake:23
  [1m[36mActiveRecord::SchemaMigration Create (0.9ms)[0m  [1m[32mINSERT INTO `schema_migrations` (`version`) VALUES ('20180703113841')[0m
  ↳ /home/sara1n/.rvm/gems/ruby-2.5.1/bin/rake:23
  [1m[35m (2.1ms)[0m  [1m[35mCOMMIT[0m
  ↳ /home/sara1n/.rvm/gems/ruby-2.5.1/bin/rake:23
Migrating to ChangeReturnedToBooleanInUserAssets (20180703124652)
  [1m[35m (151.9ms)[0m  [1m[35mALTER TABLE `user_assets` CHANGE `returned` `returned` tinyint(1) DEFAULT FALSE[0m
  ↳ db/migrate/20180703124652_change_returned_to_boolean_in_user_assets.rb:3
  [1m[35m (0.3ms)[0m  [1m[35mBEGIN[0m
  ↳ /home/sara1n/.rvm/gems/ruby-2.5.1/bin/rake:23
  [1m[36mActiveRecord::SchemaMigration Create (1.3ms)[0m  [1m[32mINSERT INTO `schema_migrations` (`version`) VALUES ('20180703124652')[0m
  ↳ /home/sara1n/.rvm/gems/ruby-2.5.1/bin/rake:23
  [1m[35m (10.1ms)[0m  [1m[35mCOMMIT[0m
  ↳ /home/sara1n/.rvm/gems/ruby-2.5.1/bin/rake:23
Migrating to AddDeviseToUsers (20180704062037)
  [1m[35m (102.2ms)[0m  [1m[35mALTER TABLE `users` ADD `email` varchar(255) DEFAULT '' NOT NULL[0m
  ↳ db/migrate/20180704062037_add_devise_to_users.rb:7
  [1m[35m (87.4ms)[0m  [1m[35mALTER TABLE `users` ADD `encrypted_password` varchar(255) DEFAULT '' NOT NULL[0m
  ↳ db/migrate/20180704062037_add_devise_to_users.rb:8
  [1m[35m (87.6ms)[0m  [1m[35mALTER TABLE `users` ADD `reset_password_token` varchar(255)[0m
  ↳ db/migrate/20180704062037_add_devise_to_users.rb:11
  [1m[35m (91.3ms)[0m  [1m[35mALTER TABLE `users` ADD `reset_password_sent_at` datetime[0m
  ↳ db/migrate/20180704062037_add_devise_to_users.rb:12
  [1m[35m (99.7ms)[0m  [1m[35mALTER TABLE `users` ADD `remember_created_at` datetime[0m
  ↳ db/migrate/20180704062037_add_devise_to_users.rb:15
  [1m[35m (96.6ms)[0m  [1m[35mALTER TABLE `users` ADD `sign_in_count` int DEFAULT 0 NOT NULL[0m
  ↳ db/migrate/20180704062037_add_devise_to_users.rb:18
  [1m[35m (82.8ms)[0m  [1m[35mALTER TABLE `users` ADD `current_sign_in_at` datetime[0m
  ↳ db/migrate/20180704062037_add_devise_to_users.rb:19
  [1m[35m (75.7ms)[0m  [1m[35mALTER TABLE `users` ADD `last_sign_in_at` datetime[0m
  ↳ db/migrate/20180704062037_add_devise_to_users.rb:20
  [1m[35m (167.2ms)[0m  [1m[35mALTER TABLE `users` ADD `current_sign_in_ip` varchar(255)[0m
  ↳ db/migrate/20180704062037_add_devise_to_users.rb:21
  [1m[35m (111.5ms)[0m  [1m[35mALTER TABLE `users` ADD `last_sign_in_ip` varchar(255)[0m
  ↳ db/migrate/20180704062037_add_devise_to_users.rb:22
  [1m[35m (36.0ms)[0m  [1m[35mCREATE UNIQUE INDEX `index_users_on_email`  ON `users` (`email`) [0m
  ↳ db/migrate/20180704062037_add_devise_to_users.rb:40
  [1m[35m (22.0ms)[0m  [1m[35mCREATE UNIQUE INDEX `index_users_on_reset_password_token`  ON `users` (`reset_password_token`) [0m
  ↳ db/migrate/20180704062037_add_devise_to_users.rb:41
  [1m[35m (0.3ms)[0m  [1m[35mBEGIN[0m
  ↳ /home/sara1n/.rvm/gems/ruby-2.5.1/bin/rake:23
  [1m[36mActiveRecord::SchemaMigration Create (0.5ms)[0m  [1m[32mINSERT INTO `schema_migrations` (`version`) VALUES ('20180704062037')[0m
  ↳ /home/sara1n/.rvm/gems/ruby-2.5.1/bin/rake:23
  [1m[35m (7.5ms)[0m  [1m[35mCOMMIT[0m
  ↳ /home/sara1n/.rvm/gems/ruby-2.5.1/bin/rake:23
Migrating to AddStatusColumnToUser (20180705063003)
  [1m[35m (57.8ms)[0m  [1m[35mALTER TABLE `users` ADD `status` tinyint(1) DEFAULT TRUE[0m
  ↳ db/migrate/20180705063003_add_status_column_to_user.rb:3
  [1m[35m (0.2ms)[0m  [1m[35mBEGIN[0m
  ↳ /home/sara1n/.rvm/gems/ruby-2.5.1/bin/rake:23
  [1m[36mActiveRecord::SchemaMigration Create (0.3ms)[0m  [1m[32mINSERT INTO `schema_migrations` (`version`) VALUES ('20180705063003')[0m
  ↳ /home/sara1n/.rvm/gems/ruby-2.5.1/bin/rake:23
  [1m[35m (2.5ms)[0m  [1m[35mCOMMIT[0m
  ↳ /home/sara1n/.rvm/gems/ruby-2.5.1/bin/rake:23
Migrating to RenameColumnUserAsset (20180705090020)
  [1m[35m (12.6ms)[0m  [1m[35mALTER TABLE `user_assets` CHANGE `asset_name` `name` varchar(255) DEFAULT NULL[0m
  ↳ db/migrate/20180705090020_rename_column_user_asset.rb:3
  [1m[35m (0.2ms)[0m  [1m[35mBEGIN[0m
  ↳ /home/sara1n/.rvm/gems/ruby-2.5.1/bin/rake:23
  [1m[36mActiveRecord::SchemaMigration Create (0.8ms)[0m  [1m[32mINSERT INTO `schema_migrations` (`version`) VALUES ('20180705090020')[0m
  ↳ /home/sara1n/.rvm/gems/ruby-2.5.1/bin/rake:23
  [1m[35m (2.3ms)[0m  [1m[35mCOMMIT[0m
  ↳ /home/sara1n/.rvm/gems/ruby-2.5.1/bin/rake:23
Migrating to AddDefaultToUserAsset (20180705094913)
  [1m[35m (9.7ms)[0m  [1m[35mALTER TABLE `user_assets` CHANGE `status` `status` varchar(255) DEFAULT '-1'[0m
  ↳ db/migrate/20180705094913_add_default_to_user_asset.rb:3
  [1m[35m (0.2ms)[0m  [1m[35mBEGIN[0m
  ↳ /home/sara1n/.rvm/gems/ruby-2.5.1/bin/rake:23
  [1m[36mActiveRecord::SchemaMigration Create (0.9ms)[0m  [1m[32mINSERT INTO `schema_migrations` (`version`) VALUES ('20180705094913')[0m
  ↳ /home/sara1n/.rvm/gems/ruby-2.5.1/bin/rake:23
  [1m[35m (4.8ms)[0m  [1m[35mCOMMIT[0m
  ↳ /home/sara1n/.rvm/gems/ruby-2.5.1/bin/rake:23
  [1m[36mActiveRecord::InternalMetadata Load (0.5ms)[0m  [1m[34mSELECT  `ar_internal_metadata`.* FROM `ar_internal_metadata` WHERE `ar_internal_metadata`.`key` = 'environment' LIMIT 1[0m
  ↳ /home/sara1n/.rvm/gems/ruby-2.5.1/bin/rake:23
  [1m[35m (0.3ms)[0m  [1m[35mBEGIN[0m
  ↳ /home/sara1n/.rvm/gems/ruby-2.5.1/bin/rake:23
  [1m[36mActiveRecord::InternalMetadata Create (0.5ms)[0m  [1m[32mINSERT INTO `ar_internal_metadata` (`key`, `value`, `created_at`, `updated_at`) VALUES ('environment', 'development', '2018-08-07 06:28:45', '2018-08-07 06:28:45')[0m
  ↳ /home/sara1n/.rvm/gems/ruby-2.5.1/bin/rake:23
  [1m[35m (6.4ms)[0m  [1m[35mCOMMIT[0m
  ↳ /home/sara1n/.rvm/gems/ruby-2.5.1/bin/rake:23
  [1m[35m (0.5ms)[0m  [1m[34mSELECT RELEASE_LOCK('5221015387163053695')[0m
  ↳ /home/sara1n/.rvm/gems/ruby-2.5.1/bin/rake:23
  [1m[35m (0.5ms)[0m  [1m[34mSELECT `schema_migrations`.`version` FROM `schema_migrations` ORDER BY `schema_migrations`.`version` ASC[0m
  ↳ /home/sara1n/.rvm/gems/ruby-2.5.1/bin/rake:23
  [1m[35m (2.5ms)[0m  [1m[35mSET NAMES utf8,  @@SESSION.sql_mode = CONCAT(CONCAT(@@sql_mode, ',STRICT_ALL_TABLES'), ',NO_AUTO_VALUE_ON_ZERO'),  @@SESSION.sql_auto_is_null = 0, @@SESSION.wait_timeout = 2147483[0m
  ↳ /home/sara1n/.rvm/gems/ruby-2.5.1/bin/rake:23
  [1m[35m (0.3ms)[0m  [1m[34mSELECT `schema_migrations`.`version` FROM `schema_migrations` ORDER BY `schema_migrations`.`version` ASC[0m
  ↳ /home/sara1n/.rvm/gems/ruby-2.5.1/bin/rake:23
  [1m[35m (0.4ms)[0m  [1m[35mBEGIN[0m
  ↳ db/seeds.rb:3
  [1m[36mUser Exists (0.7ms)[0m  [1m[34mSELECT  1 AS one FROM `users` WHERE `users`.`email` = BINARY 'hr@sample.com' LIMIT 1[0m
  ↳ db/seeds.rb:3
  [1m[36mUser Create (2.1ms)[0m  [1m[32mINSERT INTO `users` (`name`, `user_type`, `created_at`, `updated_at`, `email`, `encrypted_password`) VALUES ('HR', 'HR', '2018-08-07 06:28:49', '2018-08-07 06:28:49', 'hr@sample.com', '$2a$11$JU2nXEatHPh9u9LQl17Wb.B08thRz46rSs8eRkaJdPiauKw7I2TNq')[0m
  ↳ db/seeds.rb:3
  [1m[35m (3.3ms)[0m  [1m[35mCOMMIT[0m
  ↳ db/seeds.rb:3
  [1m[35m (0.3ms)[0m  [1m[35mBEGIN[0m
  ↳ db/seeds.rb:3
  [1m[36mUser Exists (0.6ms)[0m  [1m[34mSELECT  1 AS one FROM `users` WHERE `users`.`email` = BINARY 'employee@sample.com' LIMIT 1[0m
  ↳ db/seeds.rb:3
  [1m[36mUser Create (1.0ms)[0m  [1m[32mINSERT INTO `users` (`name`, `user_type`, `created_at`, `updated_at`, `email`, `encrypted_password`) VALUES ('Employee', 'EMPLOYEE', '2018-08-07 06:28:49', '2018-08-07 06:28:49', 'employee@sample.com', '$2a$11$4wPD2cKpeZVgJOfkGZjcMORcmB6MOq1ZkAEPjVVh0acRBItWS7tEm')[0m
  ↳ db/seeds.rb:3
  [1m[35m (2.3ms)[0m  [1m[35mCOMMIT[0m
  ↳ db/seeds.rb:3
Started GET "/" for 127.0.0.1 at 2018-08-07 12:00:00 +0530
  
Mysql2::Error::ConnectionError (Access denied for user 'root'@'localhost' (using password: YES)):
  
mysql2 (0.5.1) lib/mysql2/client.rb:90:in `connect'
mysql2 (0.5.1) lib/mysql2/client.rb:90:in `initialize'
activerecord (5.2.0) lib/active_record/connection_adapters/mysql2_adapter.rb:22:in `new'
activerecord (5.2.0) lib/active_record/connection_adapters/mysql2_adapter.rb:22:in `mysql2_connection'
activerecord (5.2.0) lib/active_record/connection_adapters/abstract/connection_pool.rb:809:in `new_connection'
activerecord (5.2.0) lib/active_record/connection_adapters/abstract/connection_pool.rb:853:in `checkout_new_connection'
activerecord (5.2.0) lib/active_record/connection_adapters/abstract/connection_pool.rb:832:in `try_to_checkout_new_connection'
activerecord (5.2.0) lib/active_record/connection_adapters/abstract/connection_pool.rb:793:in `acquire_connection'
activerecord (5.2.0) lib/active_record/connection_adapters/abstract/connection_pool.rb:521:in `checkout'
activerecord (5.2.0) lib/active_record/connection_adapters/abstract/connection_pool.rb:380:in `connection'
activerecord (5.2.0) lib/active_record/connection_adapters/abstract/connection_pool.rb:1008:in `retrieve_connection'
activerecord (5.2.0) lib/active_record/connection_handling.rb:118:in `retrieve_connection'
activerecord (5.2.0) lib/active_record/connection_handling.rb:90:in `connection'
activerecord (5.2.0) lib/active_record/migration.rb:554:in `call'
actionpack (5.2.0) lib/action_dispatch/middleware/callbacks.rb:28:in `block in call'
activesupport (5.2.0) lib/active_support/callbacks.rb:98:in `run_callbacks'
actionpack (5.2.0) lib/action_dispatch/middleware/callbacks.rb:26:in `call'
actionpack (5.2.0) lib/action_dispatch/middleware/executor.rb:14:in `call'
actionpack (5.2.0) lib/action_dispatch/middleware/debug_exceptions.rb:61:in `call'
web-console (3.6.2) lib/web_console/middleware.rb:135:in `call_app'
web-console (3.6.2) lib/web_console/middleware.rb:30:in `block in call'
web-console (3.6.2) lib/web_console/middleware.rb:20:in `catch'
web-console (3.6.2) lib/web_console/middleware.rb:20:in `call'
actionpack (5.2.0) lib/action_dispatch/middleware/show_exceptions.rb:33:in `call'
railties (5.2.0) lib/rails/rack/logger.rb:38:in `call_app'
railties (5.2.0) lib/rails/rack/logger.rb:26:in `block in call'
activesupport (5.2.0) lib/active_support/tagged_logging.rb:71:in `block in tagged'
activesupport (5.2.0) lib/active_support/tagged_logging.rb:28:in `tagged'
activesupport (5.2.0) lib/active_support/tagged_logging.rb:71:in `tagged'
railties (5.2.0) lib/rails/rack/logger.rb:26:in `call'
sprockets-rails (3.2.1) lib/sprockets/rails/quiet_assets.rb:13:in `call'
actionpack (5.2.0) lib/action_dispatch/middleware/remote_ip.rb:81:in `call'
actionpack (5.2.0) lib/action_dispatch/middleware/request_id.rb:27:in `call'
rack (2.0.5) lib/rack/runtime.rb:22:in `call'
activesupport (5.2.0) lib/active_support/cache/strategy/local_cache_middleware.rb:29:in `call'
actionpack (5.2.0) lib/action_dispatch/middleware/executor.rb:14:in `call'
actionpack (5.2.0) lib/action_dispatch/middleware/static.rb:127:in `call'
rack (2.0.5) lib/rack/sendfile.rb:111:in `call'
rack-cors (1.0.2) lib/rack/cors.rb:97:in `call'
railties (5.2.0) lib/rails/engine.rb:524:in `call'
puma (3.11.4) lib/puma/configuration.rb:225:in `call'
puma (3.11.4) lib/puma/server.rb:632:in `handle_request'
puma (3.11.4) lib/puma/server.rb:446:in `process_client'
puma (3.11.4) lib/puma/server.rb:306:in `block in run'
puma (3.11.4) lib/puma/thread_pool.rb:120:in `block in spawn_thread'
Processing by ErrorController#exception as HTML
Completed 500 Internal Server Error in 12ms


Started GET "/phypmyadmin" for 127.0.0.1 at 2018-08-07 12:00:17 +0530
  
Mysql2::Error::ConnectionError (Access denied for user 'root'@'localhost' (using password: YES)):
  
mysql2 (0.5.1) lib/mysql2/client.rb:90:in `connect'
mysql2 (0.5.1) lib/mysql2/client.rb:90:in `initialize'
activerecord (5.2.0) lib/active_record/connection_adapters/mysql2_adapter.rb:22:in `new'
activerecord (5.2.0) lib/active_record/connection_adapters/mysql2_adapter.rb:22:in `mysql2_connection'
activerecord (5.2.0) lib/active_record/connection_adapters/abstract/connection_pool.rb:809:in `new_connection'
activerecord (5.2.0) lib/active_record/connection_adapters/abstract/connection_pool.rb:853:in `checkout_new_connection'
activerecord (5.2.0) lib/active_record/connection_adapters/abstract/connection_pool.rb:832:in `try_to_checkout_new_connection'
activerecord (5.2.0) lib/active_record/connection_adapters/abstract/connection_pool.rb:793:in `acquire_connection'
activerecord (5.2.0) lib/active_record/connection_adapters/abstract/connection_pool.rb:521:in `checkout'
activerecord (5.2.0) lib/active_record/connection_adapters/abstract/connection_pool.rb:380:in `connection'
activerecord (5.2.0) lib/active_record/connection_adapters/abstract/connection_pool.rb:1008:in `retrieve_connection'
activerecord (5.2.0) lib/active_record/connection_handling.rb:118:in `retrieve_connection'
activerecord (5.2.0) lib/active_record/connection_handling.rb:90:in `connection'
activerecord (5.2.0) lib/active_record/migration.rb:554:in `call'
actionpack (5.2.0) lib/action_dispatch/middleware/callbacks.rb:28:in `block in call'
activesupport (5.2.0) lib/active_support/callbacks.rb:98:in `run_callbacks'
actionpack (5.2.0) lib/action_dispatch/middleware/callbacks.rb:26:in `call'
actionpack (5.2.0) lib/action_dispatch/middleware/executor.rb:14:in `call'
actionpack (5.2.0) lib/action_dispatch/middleware/debug_exceptions.rb:61:in `call'
web-console (3.6.2) lib/web_console/middleware.rb:135:in `call_app'
web-console (3.6.2) lib/web_console/middleware.rb:30:in `block in call'
web-console (3.6.2) lib/web_console/middleware.rb:20:in `catch'
web-console (3.6.2) lib/web_console/middleware.rb:20:in `call'
actionpack (5.2.0) lib/action_dispatch/middleware/show_exceptions.rb:33:in `call'
railties (5.2.0) lib/rails/rack/logger.rb:38:in `call_app'
railties (5.2.0) lib/rails/rack/logger.rb:26:in `block in call'
activesupport (5.2.0) lib/active_support/tagged_logging.rb:71:in `block in tagged'
activesupport (5.2.0) lib/active_support/tagged_logging.rb:28:in `tagged'
activesupport (5.2.0) lib/active_support/tagged_logging.rb:71:in `tagged'
railties (5.2.0) lib/rails/rack/logger.rb:26:in `call'
sprockets-rails (3.2.1) lib/sprockets/rails/quiet_assets.rb:13:in `call'
actionpack (5.2.0) lib/action_dispatch/middleware/remote_ip.rb:81:in `call'
actionpack (5.2.0) lib/action_dispatch/middleware/request_id.rb:27:in `call'
rack (2.0.5) lib/rack/runtime.rb:22:in `call'
activesupport (5.2.0) lib/active_support/cache/strategy/local_cache_middleware.rb:29:in `call'
actionpack (5.2.0) lib/action_dispatch/middleware/executor.rb:14:in `call'
actionpack (5.2.0) lib/action_dispatch/middleware/static.rb:127:in `call'
rack (2.0.5) lib/rack/sendfile.rb:111:in `call'
rack-cors (1.0.2) lib/rack/cors.rb:97:in `call'
railties (5.2.0) lib/rails/engine.rb:524:in `call'
puma (3.11.4) lib/puma/configuration.rb:225:in `call'
puma (3.11.4) lib/puma/server.rb:632:in `handle_request'
puma (3.11.4) lib/puma/server.rb:446:in `process_client'
puma (3.11.4) lib/puma/server.rb:306:in `block in run'
puma (3.11.4) lib/puma/thread_pool.rb:120:in `block in spawn_thread'
Processing by ErrorController#exception as HTML
Completed 500 Internal Server Error in 6ms


Started GET "/phypmyadmin" for 127.0.0.1 at 2018-08-07 12:02:00 +0530
  
Mysql2::Error::ConnectionError (Access denied for user 'root'@'localhost' (using password: YES)):
  
mysql2 (0.5.1) lib/mysql2/client.rb:90:in `connect'
mysql2 (0.5.1) lib/mysql2/client.rb:90:in `initialize'
activerecord (5.2.0) lib/active_record/connection_adapters/mysql2_adapter.rb:22:in `new'
activerecord (5.2.0) lib/active_record/connection_adapters/mysql2_adapter.rb:22:in `mysql2_connection'
activerecord (5.2.0) lib/active_record/connection_adapters/abstract/connection_pool.rb:809:in `new_connection'
activerecord (5.2.0) lib/active_record/connection_adapters/abstract/connection_pool.rb:853:in `checkout_new_connection'
activerecord (5.2.0) lib/active_record/connection_adapters/abstract/connection_pool.rb:832:in `try_to_checkout_new_connection'
activerecord (5.2.0) lib/active_record/connection_adapters/abstract/connection_pool.rb:793:in `acquire_connection'
activerecord (5.2.0) lib/active_record/connection_adapters/abstract/connection_pool.rb:521:in `checkout'
activerecord (5.2.0) lib/active_record/connection_adapters/abstract/connection_pool.rb:380:in `connection'
activerecord (5.2.0) lib/active_record/connection_adapters/abstract/connection_pool.rb:1008:in `retrieve_connection'
activerecord (5.2.0) lib/active_record/connection_handling.rb:118:in `retrieve_connection'
activerecord (5.2.0) lib/active_record/connection_handling.rb:90:in `connection'
activerecord (5.2.0) lib/active_record/migration.rb:554:in `call'
actionpack (5.2.0) lib/action_dispatch/middleware/callbacks.rb:28:in `block in call'
activesupport (5.2.0) lib/active_support/callbacks.rb:98:in `run_callbacks'
actionpack (5.2.0) lib/action_dispatch/middleware/callbacks.rb:26:in `call'
actionpack (5.2.0) lib/action_dispatch/middleware/executor.rb:14:in `call'
actionpack (5.2.0) lib/action_dispatch/middleware/debug_exceptions.rb:61:in `call'
web-console (3.6.2) lib/web_console/middleware.rb:135:in `call_app'
web-console (3.6.2) lib/web_console/middleware.rb:30:in `block in call'
web-console (3.6.2) lib/web_console/middleware.rb:20:in `catch'
web-console (3.6.2) lib/web_console/middleware.rb:20:in `call'
actionpack (5.2.0) lib/action_dispatch/middleware/show_exceptions.rb:33:in `call'
railties (5.2.0) lib/rails/rack/logger.rb:38:in `call_app'
railties (5.2.0) lib/rails/rack/logger.rb:26:in `block in call'
activesupport (5.2.0) lib/active_support/tagged_logging.rb:71:in `block in tagged'
activesupport (5.2.0) lib/active_support/tagged_logging.rb:28:in `tagged'
activesupport (5.2.0) lib/active_support/tagged_logging.rb:71:in `tagged'
railties (5.2.0) lib/rails/rack/logger.rb:26:in `call'
sprockets-rails (3.2.1) lib/sprockets/rails/quiet_assets.rb:13:in `call'
actionpack (5.2.0) lib/action_dispatch/middleware/remote_ip.rb:81:in `call'
actionpack (5.2.0) lib/action_dispatch/middleware/request_id.rb:27:in `call'
rack (2.0.5) lib/rack/runtime.rb:22:in `call'
activesupport (5.2.0) lib/active_support/cache/strategy/local_cache_middleware.rb:29:in `call'
actionpack (5.2.0) lib/action_dispatch/middleware/executor.rb:14:in `call'
actionpack (5.2.0) lib/action_dispatch/middleware/static.rb:127:in `call'
rack (2.0.5) lib/rack/sendfile.rb:111:in `call'
rack-cors (1.0.2) lib/rack/cors.rb:97:in `call'
railties (5.2.0) lib/rails/engine.rb:524:in `call'
puma (3.11.4) lib/puma/configuration.rb:225:in `call'
puma (3.11.4) lib/puma/server.rb:632:in `handle_request'
puma (3.11.4) lib/puma/server.rb:446:in `process_client'
puma (3.11.4) lib/puma/server.rb:306:in `block in run'
puma (3.11.4) lib/puma/thread_pool.rb:120:in `block in spawn_thread'
Processing by ErrorController#exception as HTML
Completed 500 Internal Server Error in 7ms


Started GET "/phypmyadmin" for 127.0.0.1 at 2018-08-07 12:02:16 +0530
  
Mysql2::Error::ConnectionError (Access denied for user 'root'@'localhost' (using password: YES)):
  
mysql2 (0.5.1) lib/mysql2/client.rb:90:in `connect'
mysql2 (0.5.1) lib/mysql2/client.rb:90:in `initialize'
activerecord (5.2.0) lib/active_record/connection_adapters/mysql2_adapter.rb:22:in `new'
activerecord (5.2.0) lib/active_record/connection_adapters/mysql2_adapter.rb:22:in `mysql2_connection'
activerecord (5.2.0) lib/active_record/connection_adapters/abstract/connection_pool.rb:809:in `new_connection'
activerecord (5.2.0) lib/active_record/connection_adapters/abstract/connection_pool.rb:853:in `checkout_new_connection'
activerecord (5.2.0) lib/active_record/connection_adapters/abstract/connection_pool.rb:832:in `try_to_checkout_new_connection'
activerecord (5.2.0) lib/active_record/connection_adapters/abstract/connection_pool.rb:793:in `acquire_connection'
activerecord (5.2.0) lib/active_record/connection_adapters/abstract/connection_pool.rb:521:in `checkout'
activerecord (5.2.0) lib/active_record/connection_adapters/abstract/connection_pool.rb:380:in `connection'
activerecord (5.2.0) lib/active_record/connection_adapters/abstract/connection_pool.rb:1008:in `retrieve_connection'
activerecord (5.2.0) lib/active_record/connection_handling.rb:118:in `retrieve_connection'
activerecord (5.2.0) lib/active_record/connection_handling.rb:90:in `connection'
activerecord (5.2.0) lib/active_record/migration.rb:554:in `call'
actionpack (5.2.0) lib/action_dispatch/middleware/callbacks.rb:28:in `block in call'
activesupport (5.2.0) lib/active_support/callbacks.rb:98:in `run_callbacks'
actionpack (5.2.0) lib/action_dispatch/middleware/callbacks.rb:26:in `call'
actionpack (5.2.0) lib/action_dispatch/middleware/executor.rb:14:in `call'
actionpack (5.2.0) lib/action_dispatch/middleware/debug_exceptions.rb:61:in `call'
web-console (3.6.2) lib/web_console/middleware.rb:135:in `call_app'
web-console (3.6.2) lib/web_console/middleware.rb:30:in `block in call'
web-console (3.6.2) lib/web_console/middleware.rb:20:in `catch'
web-console (3.6.2) lib/web_console/middleware.rb:20:in `call'
actionpack (5.2.0) lib/action_dispatch/middleware/show_exceptions.rb:33:in `call'
railties (5.2.0) lib/rails/rack/logger.rb:38:in `call_app'
railties (5.2.0) lib/rails/rack/logger.rb:26:in `block in call'
activesupport (5.2.0) lib/active_support/tagged_logging.rb:71:in `block in tagged'
activesupport (5.2.0) lib/active_support/tagged_logging.rb:28:in `tagged'
activesupport (5.2.0) lib/active_support/tagged_logging.rb:71:in `tagged'
railties (5.2.0) lib/rails/rack/logger.rb:26:in `call'
sprockets-rails (3.2.1) lib/sprockets/rails/quiet_assets.rb:13:in `call'
actionpack (5.2.0) lib/action_dispatch/middleware/remote_ip.rb:81:in `call'
actionpack (5.2.0) lib/action_dispatch/middleware/request_id.rb:27:in `call'
rack (2.0.5) lib/rack/runtime.rb:22:in `call'
activesupport (5.2.0) lib/active_support/cache/strategy/local_cache_middleware.rb:29:in `call'
actionpack (5.2.0) lib/action_dispatch/middleware/executor.rb:14:in `call'
actionpack (5.2.0) lib/action_dispatch/middleware/static.rb:127:in `call'
rack (2.0.5) lib/rack/sendfile.rb:111:in `call'
rack-cors (1.0.2) lib/rack/cors.rb:97:in `call'
railties (5.2.0) lib/rails/engine.rb:524:in `call'
puma (3.11.4) lib/puma/configuration.rb:225:in `call'
puma (3.11.4) lib/puma/server.rb:632:in `handle_request'
puma (3.11.4) lib/puma/server.rb:446:in `process_client'
puma (3.11.4) lib/puma/server.rb:306:in `block in run'
puma (3.11.4) lib/puma/thread_pool.rb:120:in `block in spawn_thread'
Processing by ErrorController#exception as HTML
Completed 500 Internal Server Error in 4ms


Started POST "/auth_user" for 127.0.0.1 at 2018-08-07 12:07:16 +0530
  [1m[35m (7.1ms)[0m  [1m[35mSET NAMES utf8,  @@SESSION.sql_mode = CONCAT(CONCAT(@@sql_mode, ',STRICT_ALL_TABLES'), ',NO_AUTO_VALUE_ON_ZERO'),  @@SESSION.sql_auto_is_null = 0, @@SESSION.wait_timeout = 2147483[0m
  ↳ /home/sara1n/.rvm/gems/ruby-2.5.1/gems/activerecord-5.2.0/lib/active_record/log_subscriber.rb:98
  [1m[35m (0.4ms)[0m  [1m[34mSELECT `schema_migrations`.`version` FROM `schema_migrations` ORDER BY `schema_migrations`.`version` ASC[0m
  ↳ /home/sara1n/.rvm/gems/ruby-2.5.1/gems/activerecord-5.2.0/lib/active_record/log_subscriber.rb:98
Processing by AuthenticationController#authenticate_user as HTML
  Parameters: {"username"=>"hr@sample.com", "password"=>"[FILTERED]", "authentication"=>{"username"=>"hr@sample.com", "password"=>"[FILTERED]"}}
  [1m[36mUser Load (0.6ms)[0m  [1m[34mSELECT  `users`.* FROM `users` WHERE `users`.`status` = TRUE AND `users`.`email` = 'hr@sample.com' ORDER BY `users`.`id` ASC LIMIT 1[0m
  ↳ app/controllers/authentication_controller.rb:9
Completed 200 OK in 193ms (Views: 0.3ms | ActiveRecord: 2.5ms)


Started POST "/auth_user" for 127.0.0.1 at 2018-08-07 15:18:03 +0530
  [1m[35m (22.2ms)[0m  [1m[35mSET NAMES utf8,  @@SESSION.sql_mode = CONCAT(CONCAT(@@sql_mode, ',STRICT_ALL_TABLES'), ',NO_AUTO_VALUE_ON_ZERO'),  @@SESSION.sql_auto_is_null = 0, @@SESSION.wait_timeout = 2147483[0m
  ↳ /home/ajith/.rvm/gems/ruby-2.5.1/gems/activerecord-5.2.0/lib/active_record/log_subscriber.rb:98
  [1m[35m (1.4ms)[0m  [1m[34mSELECT `schema_migrations`.`version` FROM `schema_migrations` ORDER BY `schema_migrations`.`version` ASC[0m
  ↳ /home/ajith/.rvm/gems/ruby-2.5.1/gems/activerecord-5.2.0/lib/active_record/log_subscriber.rb:98
Processing by AuthenticationController#authenticate_user as */*
  Parameters: {"email"=>"hr@sample.com", "password"=>"[FILTERED]", "authentication"=>{"email"=>"hr@sample.com", "password"=>"[FILTERED]"}}
  [1m[36mUser Load (6.1ms)[0m  [1m[34mSELECT  `users`.* FROM `users` WHERE `users`.`status` = TRUE AND `users`.`email` = 'hr@sample.com' ORDER BY `users`.`id` ASC LIMIT 1[0m
  ↳ app/controllers/authentication_controller.rb:9
Completed 200 OK in 268ms (Views: 0.3ms | ActiveRecord: 24.4ms)


Started GET "/products" for 127.0.0.1 at 2018-08-07 15:18:48 +0530
  
ActionController::RoutingError (No route matches [GET] "/products"):
  
actionpack (5.2.0) lib/action_dispatch/middleware/debug_exceptions.rb:65:in `call'
web-console (3.6.2) lib/web_console/middleware.rb:135:in `call_app'
web-console (3.6.2) lib/web_console/middleware.rb:30:in `block in call'
web-console (3.6.2) lib/web_console/middleware.rb:20:in `catch'
web-console (3.6.2) lib/web_console/middleware.rb:20:in `call'
actionpack (5.2.0) lib/action_dispatch/middleware/show_exceptions.rb:33:in `call'
railties (5.2.0) lib/rails/rack/logger.rb:38:in `call_app'
railties (5.2.0) lib/rails/rack/logger.rb:26:in `block in call'
activesupport (5.2.0) lib/active_support/tagged_logging.rb:71:in `block in tagged'
activesupport (5.2.0) lib/active_support/tagged_logging.rb:28:in `tagged'
activesupport (5.2.0) lib/active_support/tagged_logging.rb:71:in `tagged'
railties (5.2.0) lib/rails/rack/logger.rb:26:in `call'
sprockets-rails (3.2.1) lib/sprockets/rails/quiet_assets.rb:13:in `call'
actionpack (5.2.0) lib/action_dispatch/middleware/remote_ip.rb:81:in `call'
actionpack (5.2.0) lib/action_dispatch/middleware/request_id.rb:27:in `call'
rack (2.0.5) lib/rack/runtime.rb:22:in `call'
activesupport (5.2.0) lib/active_support/cache/strategy/local_cache_middleware.rb:29:in `call'
actionpack (5.2.0) lib/action_dispatch/middleware/executor.rb:14:in `call'
actionpack (5.2.0) lib/action_dispatch/middleware/static.rb:127:in `call'
rack (2.0.5) lib/rack/sendfile.rb:111:in `call'
rack-cors (1.0.2) lib/rack/cors.rb:97:in `call'
railties (5.2.0) lib/rails/engine.rb:524:in `call'
puma (3.11.4) lib/puma/configuration.rb:225:in `call'
puma (3.11.4) lib/puma/server.rb:632:in `handle_request'
puma (3.11.4) lib/puma/server.rb:446:in `process_client'
puma (3.11.4) lib/puma/server.rb:306:in `block in run'
puma (3.11.4) lib/puma/thread_pool.rb:120:in `block in spawn_thread'
Processing by ErrorController#not_found as */*
  Parameters: {"error"=>{}}
Completed 500 Internal Server Error in 38ms (ActiveRecord: 0.0ms)


Started GET "/products" for 127.0.0.1 at 2018-08-07 15:18:49 +0530
  
ActionController::RoutingError (No route matches [GET] "/products"):
  
actionpack (5.2.0) lib/action_dispatch/middleware/debug_exceptions.rb:65:in `call'
web-console (3.6.2) lib/web_console/middleware.rb:135:in `call_app'
web-console (3.6.2) lib/web_console/middleware.rb:30:in `block in call'
web-console (3.6.2) lib/web_console/middleware.rb:20:in `catch'
web-console (3.6.2) lib/web_console/middleware.rb:20:in `call'
actionpack (5.2.0) lib/action_dispatch/middleware/show_exceptions.rb:33:in `call'
railties (5.2.0) lib/rails/rack/logger.rb:38:in `call_app'
railties (5.2.0) lib/rails/rack/logger.rb:26:in `block in call'
activesupport (5.2.0) lib/active_support/tagged_logging.rb:71:in `block in tagged'
activesupport (5.2.0) lib/active_support/tagged_logging.rb:28:in `tagged'
activesupport (5.2.0) lib/active_support/tagged_logging.rb:71:in `tagged'
railties (5.2.0) lib/rails/rack/logger.rb:26:in `call'
sprockets-rails (3.2.1) lib/sprockets/rails/quiet_assets.rb:13:in `call'
actionpack (5.2.0) lib/action_dispatch/middleware/remote_ip.rb:81:in `call'
actionpack (5.2.0) lib/action_dispatch/middleware/request_id.rb:27:in `call'
rack (2.0.5) lib/rack/runtime.rb:22:in `call'
activesupport (5.2.0) lib/active_support/cache/strategy/local_cache_middleware.rb:29:in `call'
actionpack (5.2.0) lib/action_dispatch/middleware/executor.rb:14:in `call'
actionpack (5.2.0) lib/action_dispatch/middleware/static.rb:127:in `call'
rack (2.0.5) lib/rack/sendfile.rb:111:in `call'
rack-cors (1.0.2) lib/rack/cors.rb:97:in `call'
railties (5.2.0) lib/rails/engine.rb:524:in `call'
puma (3.11.4) lib/puma/configuration.rb:225:in `call'
puma (3.11.4) lib/puma/server.rb:632:in `handle_request'
puma (3.11.4) lib/puma/server.rb:446:in `process_client'
puma (3.11.4) lib/puma/server.rb:306:in `block in run'
puma (3.11.4) lib/puma/thread_pool.rb:120:in `block in spawn_thread'
Processing by ErrorController#not_found as */*
  Parameters: {"error"=>{}}
Completed 500 Internal Server Error in 35ms (ActiveRecord: 0.0ms)


Started GET "/products" for 127.0.0.1 at 2018-08-07 15:18:56 +0530
  
ActionController::RoutingError (No route matches [GET] "/products"):
  
actionpack (5.2.0) lib/action_dispatch/middleware/debug_exceptions.rb:65:in `call'
web-console (3.6.2) lib/web_console/middleware.rb:135:in `call_app'
web-console (3.6.2) lib/web_console/middleware.rb:30:in `block in call'
web-console (3.6.2) lib/web_console/middleware.rb:20:in `catch'
web-console (3.6.2) lib/web_console/middleware.rb:20:in `call'
actionpack (5.2.0) lib/action_dispatch/middleware/show_exceptions.rb:33:in `call'
railties (5.2.0) lib/rails/rack/logger.rb:38:in `call_app'
railties (5.2.0) lib/rails/rack/logger.rb:26:in `block in call'
activesupport (5.2.0) lib/active_support/tagged_logging.rb:71:in `block in tagged'
activesupport (5.2.0) lib/active_support/tagged_logging.rb:28:in `tagged'
activesupport (5.2.0) lib/active_support/tagged_logging.rb:71:in `tagged'
railties (5.2.0) lib/rails/rack/logger.rb:26:in `call'
sprockets-rails (3.2.1) lib/sprockets/rails/quiet_assets.rb:13:in `call'
actionpack (5.2.0) lib/action_dispatch/middleware/remote_ip.rb:81:in `call'
actionpack (5.2.0) lib/action_dispatch/middleware/request_id.rb:27:in `call'
rack (2.0.5) lib/rack/runtime.rb:22:in `call'
activesupport (5.2.0) lib/active_support/cache/strategy/local_cache_middleware.rb:29:in `call'
actionpack (5.2.0) lib/action_dispatch/middleware/executor.rb:14:in `call'
actionpack (5.2.0) lib/action_dispatch/middleware/static.rb:127:in `call'
rack (2.0.5) lib/rack/sendfile.rb:111:in `call'
rack-cors (1.0.2) lib/rack/cors.rb:97:in `call'
railties (5.2.0) lib/rails/engine.rb:524:in `call'
puma (3.11.4) lib/puma/configuration.rb:225:in `call'
puma (3.11.4) lib/puma/server.rb:632:in `handle_request'
puma (3.11.4) lib/puma/server.rb:446:in `process_client'
puma (3.11.4) lib/puma/server.rb:306:in `block in run'
puma (3.11.4) lib/puma/thread_pool.rb:120:in `block in spawn_thread'
Processing by ErrorController#not_found as */*
  Parameters: {"error"=>{}}
Completed 500 Internal Server Error in 42ms (ActiveRecord: 0.0ms)


Started GET "/products" for 127.0.0.1 at 2018-08-07 15:19:54 +0530
  
ActionController::RoutingError (No route matches [GET] "/products"):
  
actionpack (5.2.0) lib/action_dispatch/middleware/debug_exceptions.rb:65:in `call'
web-console (3.6.2) lib/web_console/middleware.rb:135:in `call_app'
web-console (3.6.2) lib/web_console/middleware.rb:30:in `block in call'
web-console (3.6.2) lib/web_console/middleware.rb:20:in `catch'
web-console (3.6.2) lib/web_console/middleware.rb:20:in `call'
actionpack (5.2.0) lib/action_dispatch/middleware/show_exceptions.rb:33:in `call'
railties (5.2.0) lib/rails/rack/logger.rb:38:in `call_app'
railties (5.2.0) lib/rails/rack/logger.rb:26:in `block in call'
activesupport (5.2.0) lib/active_support/tagged_logging.rb:71:in `block in tagged'
activesupport (5.2.0) lib/active_support/tagged_logging.rb:28:in `tagged'
activesupport (5.2.0) lib/active_support/tagged_logging.rb:71:in `tagged'
railties (5.2.0) lib/rails/rack/logger.rb:26:in `call'
sprockets-rails (3.2.1) lib/sprockets/rails/quiet_assets.rb:13:in `call'
actionpack (5.2.0) lib/action_dispatch/middleware/remote_ip.rb:81:in `call'
actionpack (5.2.0) lib/action_dispatch/middleware/request_id.rb:27:in `call'
rack (2.0.5) lib/rack/runtime.rb:22:in `call'
activesupport (5.2.0) lib/active_support/cache/strategy/local_cache_middleware.rb:29:in `call'
actionpack (5.2.0) lib/action_dispatch/middleware/executor.rb:14:in `call'
actionpack (5.2.0) lib/action_dispatch/middleware/static.rb:127:in `call'
rack (2.0.5) lib/rack/sendfile.rb:111:in `call'
rack-cors (1.0.2) lib/rack/cors.rb:97:in `call'
railties (5.2.0) lib/rails/engine.rb:524:in `call'
puma (3.11.4) lib/puma/configuration.rb:225:in `call'
puma (3.11.4) lib/puma/server.rb:632:in `handle_request'
puma (3.11.4) lib/puma/server.rb:446:in `process_client'
puma (3.11.4) lib/puma/server.rb:306:in `block in run'
puma (3.11.4) lib/puma/thread_pool.rb:120:in `block in spawn_thread'
Processing by ErrorController#not_found as */*
  Parameters: {"error"=>{}}
Completed 500 Internal Server Error in 53ms (ActiveRecord: 0.0ms)


Started GET "/products" for 127.0.0.1 at 2018-08-07 15:19:59 +0530
  
ActionController::RoutingError (No route matches [GET] "/products"):
  
actionpack (5.2.0) lib/action_dispatch/middleware/debug_exceptions.rb:65:in `call'
web-console (3.6.2) lib/web_console/middleware.rb:135:in `call_app'
web-console (3.6.2) lib/web_console/middleware.rb:30:in `block in call'
web-console (3.6.2) lib/web_console/middleware.rb:20:in `catch'
web-console (3.6.2) lib/web_console/middleware.rb:20:in `call'
actionpack (5.2.0) lib/action_dispatch/middleware/show_exceptions.rb:33:in `call'
railties (5.2.0) lib/rails/rack/logger.rb:38:in `call_app'
railties (5.2.0) lib/rails/rack/logger.rb:26:in `block in call'
activesupport (5.2.0) lib/active_support/tagged_logging.rb:71:in `block in tagged'
activesupport (5.2.0) lib/active_support/tagged_logging.rb:28:in `tagged'
activesupport (5.2.0) lib/active_support/tagged_logging.rb:71:in `tagged'
railties (5.2.0) lib/rails/rack/logger.rb:26:in `call'
sprockets-rails (3.2.1) lib/sprockets/rails/quiet_assets.rb:13:in `call'
actionpack (5.2.0) lib/action_dispatch/middleware/remote_ip.rb:81:in `call'
actionpack (5.2.0) lib/action_dispatch/middleware/request_id.rb:27:in `call'
rack (2.0.5) lib/rack/runtime.rb:22:in `call'
activesupport (5.2.0) lib/active_support/cache/strategy/local_cache_middleware.rb:29:in `call'
actionpack (5.2.0) lib/action_dispatch/middleware/executor.rb:14:in `call'
actionpack (5.2.0) lib/action_dispatch/middleware/static.rb:127:in `call'
rack (2.0.5) lib/rack/sendfile.rb:111:in `call'
rack-cors (1.0.2) lib/rack/cors.rb:97:in `call'
railties (5.2.0) lib/rails/engine.rb:524:in `call'
puma (3.11.4) lib/puma/configuration.rb:225:in `call'
puma (3.11.4) lib/puma/server.rb:632:in `handle_request'
puma (3.11.4) lib/puma/server.rb:446:in `process_client'
puma (3.11.4) lib/puma/server.rb:306:in `block in run'
puma (3.11.4) lib/puma/thread_pool.rb:120:in `block in spawn_thread'
Processing by ErrorController#not_found as */*
  Parameters: {"error"=>{}}
Completed 500 Internal Server Error in 34ms (ActiveRecord: 0.0ms)


Started POST "/auth_user" for 127.0.0.1 at 2018-08-07 15:20:02 +0530
Processing by AuthenticationController#authenticate_user as */*
  Parameters: {"email"=>"hr@sample.com", "password"=>"[FILTERED]", "authentication"=>{"email"=>"hr@sample.com", "password"=>"[FILTERED]"}}
  [1m[36mUser Load (0.8ms)[0m  [1m[34mSELECT  `users`.* FROM `users` WHERE `users`.`status` = TRUE AND `users`.`email` = 'hr@sample.com' ORDER BY `users`.`id` ASC LIMIT 1[0m
  ↳ app/controllers/authentication_controller.rb:9
Completed 200 OK in 168ms (Views: 0.2ms | ActiveRecord: 0.8ms)


Started POST "/auth_user" for 127.0.0.1 at 2018-08-07 15:20:09 +0530
Processing by AuthenticationController#authenticate_user as */*
  Parameters: {"email"=>"employee@sample.com", "password"=>"[FILTERED]", "authentication"=>{"email"=>"employee@sample.com", "password"=>"[FILTERED]"}}
  [1m[36mUser Load (0.7ms)[0m  [1m[34mSELECT  `users`.* FROM `users` WHERE `users`.`status` = TRUE AND `users`.`email` = 'employee@sample.com' ORDER BY `users`.`id` ASC LIMIT 1[0m
  ↳ app/controllers/authentication_controller.rb:9
Completed 200 OK in 146ms (Views: 0.2ms | ActiveRecord: 0.7ms)


  [1m[35m (16.2ms)[0m  [1m[35mSET NAMES utf8,  @@SESSION.sql_mode = CONCAT(CONCAT(@@sql_mode, ',STRICT_ALL_TABLES'), ',NO_AUTO_VALUE_ON_ZERO'),  @@SESSION.sql_auto_is_null = 0, @@SESSION.wait_timeout = 2147483[0m
  [1m[36mProduct Load (14.0ms)[0m  [1m[34mSELECT  `products`.* FROM `products` LIMIT 11[0m
  [1m[36mUser Load (0.8ms)[0m  [1m[34mSELECT  `users`.* FROM `users` WHERE `users`.`status` = TRUE LIMIT 11[0m
Started POST "/auth_user" for 127.0.0.1 at 2018-08-07 15:22:57 +0530
  [1m[35m (16.4ms)[0m  [1m[35mSET NAMES utf8,  @@SESSION.sql_mode = CONCAT(CONCAT(@@sql_mode, ',STRICT_ALL_TABLES'), ',NO_AUTO_VALUE_ON_ZERO'),  @@SESSION.sql_auto_is_null = 0, @@SESSION.wait_timeout = 2147483[0m
  ↳ /home/ajith/.rvm/gems/ruby-2.5.1/gems/activerecord-5.2.0/lib/active_record/log_subscriber.rb:98
  [1m[35m (1.7ms)[0m  [1m[34mSELECT `schema_migrations`.`version` FROM `schema_migrations` ORDER BY `schema_migrations`.`version` ASC[0m
  ↳ /home/ajith/.rvm/gems/ruby-2.5.1/gems/activerecord-5.2.0/lib/active_record/log_subscriber.rb:98
Processing by AuthenticationController#authenticate_user as */*
  Parameters: {"email"=>"employee@sample.com", "password"=>"[FILTERED]", "authentication"=>{"email"=>"employee@sample.com", "password"=>"[FILTERED]"}}
  [1m[36mUser Load (8.2ms)[0m  [1m[34mSELECT  `users`.* FROM `users` WHERE `users`.`status` = TRUE AND `users`.`email` = 'employee@sample.com' ORDER BY `users`.`id` ASC LIMIT 1[0m
  ↳ app/controllers/authentication_controller.rb:9
Completed 200 OK in 209ms (Views: 0.3ms | ActiveRecord: 18.5ms)


Started GET "/products" for 127.0.0.1 at 2018-08-07 15:23:05 +0530
  
ActionController::RoutingError (No route matches [GET] "/products"):
  
actionpack (5.2.0) lib/action_dispatch/middleware/debug_exceptions.rb:65:in `call'
web-console (3.6.2) lib/web_console/middleware.rb:135:in `call_app'
web-console (3.6.2) lib/web_console/middleware.rb:30:in `block in call'
web-console (3.6.2) lib/web_console/middleware.rb:20:in `catch'
web-console (3.6.2) lib/web_console/middleware.rb:20:in `call'
actionpack (5.2.0) lib/action_dispatch/middleware/show_exceptions.rb:33:in `call'
railties (5.2.0) lib/rails/rack/logger.rb:38:in `call_app'
railties (5.2.0) lib/rails/rack/logger.rb:26:in `block in call'
activesupport (5.2.0) lib/active_support/tagged_logging.rb:71:in `block in tagged'
activesupport (5.2.0) lib/active_support/tagged_logging.rb:28:in `tagged'
activesupport (5.2.0) lib/active_support/tagged_logging.rb:71:in `tagged'
railties (5.2.0) lib/rails/rack/logger.rb:26:in `call'
sprockets-rails (3.2.1) lib/sprockets/rails/quiet_assets.rb:13:in `call'
actionpack (5.2.0) lib/action_dispatch/middleware/remote_ip.rb:81:in `call'
actionpack (5.2.0) lib/action_dispatch/middleware/request_id.rb:27:in `call'
rack (2.0.5) lib/rack/runtime.rb:22:in `call'
activesupport (5.2.0) lib/active_support/cache/strategy/local_cache_middleware.rb:29:in `call'
actionpack (5.2.0) lib/action_dispatch/middleware/executor.rb:14:in `call'
actionpack (5.2.0) lib/action_dispatch/middleware/static.rb:127:in `call'
rack (2.0.5) lib/rack/sendfile.rb:111:in `call'
rack-cors (1.0.2) lib/rack/cors.rb:97:in `call'
railties (5.2.0) lib/rails/engine.rb:524:in `call'
puma (3.11.4) lib/puma/configuration.rb:225:in `call'
puma (3.11.4) lib/puma/server.rb:632:in `handle_request'
puma (3.11.4) lib/puma/server.rb:446:in `process_client'
puma (3.11.4) lib/puma/server.rb:306:in `block in run'
puma (3.11.4) lib/puma/thread_pool.rb:120:in `block in spawn_thread'
Processing by ErrorController#not_found as */*
  Parameters: {"error"=>{}}
Completed 500 Internal Server Error in 40ms (ActiveRecord: 0.0ms)


Started GET "/products" for 127.0.0.1 at 2018-08-07 15:23:13 +0530
  
ActionController::RoutingError (No route matches [GET] "/products"):
  
actionpack (5.2.0) lib/action_dispatch/middleware/debug_exceptions.rb:65:in `call'
web-console (3.6.2) lib/web_console/middleware.rb:135:in `call_app'
web-console (3.6.2) lib/web_console/middleware.rb:30:in `block in call'
web-console (3.6.2) lib/web_console/middleware.rb:20:in `catch'
web-console (3.6.2) lib/web_console/middleware.rb:20:in `call'
actionpack (5.2.0) lib/action_dispatch/middleware/show_exceptions.rb:33:in `call'
railties (5.2.0) lib/rails/rack/logger.rb:38:in `call_app'
railties (5.2.0) lib/rails/rack/logger.rb:26:in `block in call'
activesupport (5.2.0) lib/active_support/tagged_logging.rb:71:in `block in tagged'
activesupport (5.2.0) lib/active_support/tagged_logging.rb:28:in `tagged'
activesupport (5.2.0) lib/active_support/tagged_logging.rb:71:in `tagged'
railties (5.2.0) lib/rails/rack/logger.rb:26:in `call'
sprockets-rails (3.2.1) lib/sprockets/rails/quiet_assets.rb:13:in `call'
actionpack (5.2.0) lib/action_dispatch/middleware/remote_ip.rb:81:in `call'
actionpack (5.2.0) lib/action_dispatch/middleware/request_id.rb:27:in `call'
rack (2.0.5) lib/rack/runtime.rb:22:in `call'
activesupport (5.2.0) lib/active_support/cache/strategy/local_cache_middleware.rb:29:in `call'
actionpack (5.2.0) lib/action_dispatch/middleware/executor.rb:14:in `call'
actionpack (5.2.0) lib/action_dispatch/middleware/static.rb:127:in `call'
rack (2.0.5) lib/rack/sendfile.rb:111:in `call'
rack-cors (1.0.2) lib/rack/cors.rb:97:in `call'
railties (5.2.0) lib/rails/engine.rb:524:in `call'
puma (3.11.4) lib/puma/configuration.rb:225:in `call'
puma (3.11.4) lib/puma/server.rb:632:in `handle_request'
puma (3.11.4) lib/puma/server.rb:446:in `process_client'
puma (3.11.4) lib/puma/server.rb:306:in `block in run'
puma (3.11.4) lib/puma/thread_pool.rb:120:in `block in spawn_thread'
Processing by ErrorController#not_found as */*
  Parameters: {"error"=>{}}
Completed 500 Internal Server Error in 48ms (ActiveRecord: 0.0ms)


Started GET "/products" for 127.0.0.1 at 2018-08-07 15:23:17 +0530
  
ActionController::RoutingError (No route matches [GET] "/products"):
  
actionpack (5.2.0) lib/action_dispatch/middleware/debug_exceptions.rb:65:in `call'
web-console (3.6.2) lib/web_console/middleware.rb:135:in `call_app'
web-console (3.6.2) lib/web_console/middleware.rb:30:in `block in call'
web-console (3.6.2) lib/web_console/middleware.rb:20:in `catch'
web-console (3.6.2) lib/web_console/middleware.rb:20:in `call'
actionpack (5.2.0) lib/action_dispatch/middleware/show_exceptions.rb:33:in `call'
railties (5.2.0) lib/rails/rack/logger.rb:38:in `call_app'
railties (5.2.0) lib/rails/rack/logger.rb:26:in `block in call'
activesupport (5.2.0) lib/active_support/tagged_logging.rb:71:in `block in tagged'
activesupport (5.2.0) lib/active_support/tagged_logging.rb:28:in `tagged'
activesupport (5.2.0) lib/active_support/tagged_logging.rb:71:in `tagged'
railties (5.2.0) lib/rails/rack/logger.rb:26:in `call'
sprockets-rails (3.2.1) lib/sprockets/rails/quiet_assets.rb:13:in `call'
actionpack (5.2.0) lib/action_dispatch/middleware/remote_ip.rb:81:in `call'
actionpack (5.2.0) lib/action_dispatch/middleware/request_id.rb:27:in `call'
rack (2.0.5) lib/rack/runtime.rb:22:in `call'
activesupport (5.2.0) lib/active_support/cache/strategy/local_cache_middleware.rb:29:in `call'
actionpack (5.2.0) lib/action_dispatch/middleware/executor.rb:14:in `call'
actionpack (5.2.0) lib/action_dispatch/middleware/static.rb:127:in `call'
rack (2.0.5) lib/rack/sendfile.rb:111:in `call'
rack-cors (1.0.2) lib/rack/cors.rb:97:in `call'
railties (5.2.0) lib/rails/engine.rb:524:in `call'
puma (3.11.4) lib/puma/configuration.rb:225:in `call'
puma (3.11.4) lib/puma/server.rb:632:in `handle_request'
puma (3.11.4) lib/puma/server.rb:446:in `process_client'
puma (3.11.4) lib/puma/server.rb:306:in `block in run'
puma (3.11.4) lib/puma/thread_pool.rb:120:in `block in spawn_thread'
Processing by ErrorController#not_found as */*
  Parameters: {"error"=>{}}
Completed 500 Internal Server Error in 37ms (ActiveRecord: 0.0ms)


Started GET "/sdf" for 127.0.0.1 at 2018-08-07 15:23:32 +0530
  
ActionController::RoutingError (No route matches [GET] "/sdf"):
  
actionpack (5.2.0) lib/action_dispatch/middleware/debug_exceptions.rb:65:in `call'
web-console (3.6.2) lib/web_console/middleware.rb:135:in `call_app'
web-console (3.6.2) lib/web_console/middleware.rb:30:in `block in call'
web-console (3.6.2) lib/web_console/middleware.rb:20:in `catch'
web-console (3.6.2) lib/web_console/middleware.rb:20:in `call'
actionpack (5.2.0) lib/action_dispatch/middleware/show_exceptions.rb:33:in `call'
railties (5.2.0) lib/rails/rack/logger.rb:38:in `call_app'
railties (5.2.0) lib/rails/rack/logger.rb:26:in `block in call'
activesupport (5.2.0) lib/active_support/tagged_logging.rb:71:in `block in tagged'
activesupport (5.2.0) lib/active_support/tagged_logging.rb:28:in `tagged'
activesupport (5.2.0) lib/active_support/tagged_logging.rb:71:in `tagged'
railties (5.2.0) lib/rails/rack/logger.rb:26:in `call'
sprockets-rails (3.2.1) lib/sprockets/rails/quiet_assets.rb:13:in `call'
actionpack (5.2.0) lib/action_dispatch/middleware/remote_ip.rb:81:in `call'
actionpack (5.2.0) lib/action_dispatch/middleware/request_id.rb:27:in `call'
rack (2.0.5) lib/rack/runtime.rb:22:in `call'
activesupport (5.2.0) lib/active_support/cache/strategy/local_cache_middleware.rb:29:in `call'
actionpack (5.2.0) lib/action_dispatch/middleware/executor.rb:14:in `call'
actionpack (5.2.0) lib/action_dispatch/middleware/static.rb:127:in `call'
rack (2.0.5) lib/rack/sendfile.rb:111:in `call'
rack-cors (1.0.2) lib/rack/cors.rb:97:in `call'
railties (5.2.0) lib/rails/engine.rb:524:in `call'
puma (3.11.4) lib/puma/configuration.rb:225:in `call'
puma (3.11.4) lib/puma/server.rb:632:in `handle_request'
puma (3.11.4) lib/puma/server.rb:446:in `process_client'
puma (3.11.4) lib/puma/server.rb:306:in `block in run'
puma (3.11.4) lib/puma/thread_pool.rb:120:in `block in spawn_thread'
Processing by ErrorController#not_found as HTML
Completed 500 Internal Server Error in 5ms (ActiveRecord: 0.0ms)


Started GET "/products" for 127.0.0.1 at 2018-08-07 15:23:36 +0530
  
ActionController::RoutingError (No route matches [GET] "/products"):
  
actionpack (5.2.0) lib/action_dispatch/middleware/debug_exceptions.rb:65:in `call'
web-console (3.6.2) lib/web_console/middleware.rb:135:in `call_app'
web-console (3.6.2) lib/web_console/middleware.rb:30:in `block in call'
web-console (3.6.2) lib/web_console/middleware.rb:20:in `catch'
web-console (3.6.2) lib/web_console/middleware.rb:20:in `call'
actionpack (5.2.0) lib/action_dispatch/middleware/show_exceptions.rb:33:in `call'
railties (5.2.0) lib/rails/rack/logger.rb:38:in `call_app'
railties (5.2.0) lib/rails/rack/logger.rb:26:in `block in call'
activesupport (5.2.0) lib/active_support/tagged_logging.rb:71:in `block in tagged'
activesupport (5.2.0) lib/active_support/tagged_logging.rb:28:in `tagged'
activesupport (5.2.0) lib/active_support/tagged_logging.rb:71:in `tagged'
railties (5.2.0) lib/rails/rack/logger.rb:26:in `call'
sprockets-rails (3.2.1) lib/sprockets/rails/quiet_assets.rb:13:in `call'
actionpack (5.2.0) lib/action_dispatch/middleware/remote_ip.rb:81:in `call'
actionpack (5.2.0) lib/action_dispatch/middleware/request_id.rb:27:in `call'
rack (2.0.5) lib/rack/runtime.rb:22:in `call'
activesupport (5.2.0) lib/active_support/cache/strategy/local_cache_middleware.rb:29:in `call'
actionpack (5.2.0) lib/action_dispatch/middleware/executor.rb:14:in `call'
actionpack (5.2.0) lib/action_dispatch/middleware/static.rb:127:in `call'
rack (2.0.5) lib/rack/sendfile.rb:111:in `call'
rack-cors (1.0.2) lib/rack/cors.rb:97:in `call'
railties (5.2.0) lib/rails/engine.rb:524:in `call'
puma (3.11.4) lib/puma/configuration.rb:225:in `call'
puma (3.11.4) lib/puma/server.rb:632:in `handle_request'
puma (3.11.4) lib/puma/server.rb:446:in `process_client'
puma (3.11.4) lib/puma/server.rb:306:in `block in run'
puma (3.11.4) lib/puma/thread_pool.rb:120:in `block in spawn_thread'
Processing by ErrorController#not_found as HTML
Completed 500 Internal Server Error in 4ms (ActiveRecord: 0.0ms)


Started GET "/products" for 127.0.0.1 at 2018-08-07 15:24:57 +0530
  [1m[35m (2.8ms)[0m  [1m[35mSET NAMES utf8,  @@SESSION.sql_mode = CONCAT(CONCAT(@@sql_mode, ',STRICT_ALL_TABLES'), ',NO_AUTO_VALUE_ON_ZERO'),  @@SESSION.sql_auto_is_null = 0, @@SESSION.wait_timeout = 2147483[0m
  ↳ /home/ajith/.rvm/gems/ruby-2.5.1/gems/activerecord-5.2.0/lib/active_record/log_subscriber.rb:98
  [1m[35m (0.4ms)[0m  [1m[34mSELECT `schema_migrations`.`version` FROM `schema_migrations` ORDER BY `schema_migrations`.`version` ASC[0m
  ↳ /home/ajith/.rvm/gems/ruby-2.5.1/gems/activerecord-5.2.0/lib/active_record/log_subscriber.rb:98
Processing by ProductsController#index as */*
  Parameters: {"product"=>{}}
  Rendering products/index.json.jbuilder
  [1m[36mProduct Load (0.5ms)[0m  [1m[34mSELECT `products`.* FROM `products`[0m
  ↳ app/views/products/index.json.jbuilder:1
  Rendered products/_product.json.jbuilder (1.3ms)
  Rendered products/_product.json.jbuilder (0.8ms)
  Rendered products/_product.json.jbuilder (0.6ms)
  Rendered products/_product.json.jbuilder (0.5ms)
  Rendered products/_product.json.jbuilder (0.5ms)
  Rendered products/index.json.jbuilder (32.5ms)
Completed 200 OK in 54ms (Views: 43.8ms | ActiveRecord: 2.8ms)


Started GET "/products" for 127.0.0.1 at 2018-08-07 15:25:25 +0530
Processing by ProductsController#index as */*
  Parameters: {"product"=>{}}
Filter chain halted as :authenticate_request! rendered or redirected
Completed 401 Unauthorized in 1ms (Views: 0.3ms | ActiveRecord: 1.3ms)


Started GET "/products" for 127.0.0.1 at 2018-08-07 15:25:29 +0530
Processing by ProductsController#index as */*
  Parameters: {"product"=>{}}
  [1m[36mUser Load (1.2ms)[0m  [1m[34mSELECT  `users`.* FROM `users` WHERE `users`.`status` = TRUE AND `users`.`id` = 2 LIMIT 1[0m
  ↳ app/controllers/application_controller.rb:10
  Rendering products/index.json.jbuilder
  [1m[36mProduct Load (0.7ms)[0m  [1m[34mSELECT `products`.* FROM `products`[0m
  ↳ app/views/products/index.json.jbuilder:1
  Rendered products/_product.json.jbuilder (1.6ms)
  Rendered products/_product.json.jbuilder (0.8ms)
  Rendered products/_product.json.jbuilder (0.8ms)
  Rendered products/_product.json.jbuilder (0.9ms)
  Rendered products/_product.json.jbuilder (0.4ms)
  Rendered products/index.json.jbuilder (32.0ms)
Completed 200 OK in 84ms (Views: 38.1ms | ActiveRecord: 7.7ms)


Started GET "/products" for 127.0.0.1 at 2018-08-07 15:25:38 +0530
Processing by ProductsController#index as */*
  Parameters: {"product"=>{}}
Filter chain halted as :authenticate_request! rendered or redirected
Completed 401 Unauthorized in 1ms (Views: 0.3ms | ActiveRecord: 0.0ms)


Started GET "/products" for 127.0.0.1 at 2018-08-07 15:25:42 +0530
Processing by ProductsController#index as */*
  Parameters: {"product"=>{}}
  [1m[36mUser Load (0.9ms)[0m  [1m[34mSELECT  `users`.* FROM `users` WHERE `users`.`status` = TRUE AND `users`.`id` = 2 LIMIT 1[0m
  ↳ app/controllers/application_controller.rb:10
  Rendering products/index.json.jbuilder
  [1m[36mProduct Load (1.0ms)[0m  [1m[34mSELECT `products`.* FROM `products`[0m
  ↳ app/views/products/index.json.jbuilder:1
  Rendered products/_product.json.jbuilder (1.1ms)
  Rendered products/_product.json.jbuilder (0.9ms)
  Rendered products/_product.json.jbuilder (0.7ms)
  Rendered products/_product.json.jbuilder (0.5ms)
  Rendered products/_product.json.jbuilder (0.5ms)
  Rendered products/index.json.jbuilder (19.4ms)
Completed 200 OK in 48ms (Views: 27.7ms | ActiveRecord: 1.8ms)


Started POST "/auth_user" for 127.0.0.1 at 2018-08-07 15:26:51 +0530
Processing by AuthenticationController#authenticate_user as HTML
  Parameters: {"username"=>"eswath@sample.com", "password"=>"[FILTERED]", "authentication"=>{"username"=>"eswath@sample.com", "password"=>"[FILTERED]"}}
  [1m[36mUser Load (0.5ms)[0m  [1m[34mSELECT  `users`.* FROM `users` WHERE `users`.`status` = TRUE AND `users`.`email` = 'eswath@sample.com' ORDER BY `users`.`id` ASC LIMIT 1[0m
  ↳ app/controllers/authentication_controller.rb:9
Completed 401 Unauthorized in 80ms (Views: 0.4ms | ActiveRecord: 43.4ms)


Started POST "/auth_user" for 127.0.0.1 at 2018-08-07 15:27:07 +0530
Processing by AuthenticationController#authenticate_user as HTML
  Parameters: {"username"=>"hr@sample.com", "password"=>"[FILTERED]", "authentication"=>{"username"=>"hr@sample.com", "password"=>"[FILTERED]"}}
  [1m[36mUser Load (10.9ms)[0m  [1m[34mSELECT  `users`.* FROM `users` WHERE `users`.`status` = TRUE AND `users`.`email` = 'hr@sample.com' ORDER BY `users`.`id` ASC LIMIT 1[0m
  ↳ app/controllers/authentication_controller.rb:9
Completed 200 OK in 240ms (Views: 0.4ms | ActiveRecord: 10.9ms)


